{"/home/miguel/workspaces/vendas-online/backend/src/address/address.controller.ts": {"path":"/home/miguel/workspaces/vendas-online/backend/src/address/address.controller.ts","statementMap":{"0":{"start":{"line":1,"column":0},"end":{"line":1,"column":null}},"1":{"start":{"line":9,"column":0},"end":{"line":9,"column":54}},"2":{"start":{"line":10,"column":0},"end":{"line":10,"column":57}},"3":{"start":{"line":11,"column":0},"end":{"line":11,"column":55}},"4":{"start":{"line":12,"column":0},"end":{"line":12,"column":51}},"5":{"start":{"line":13,"column":0},"end":{"line":13,"column":60}},"6":{"start":{"line":14,"column":0},"end":{"line":14,"column":60}},"7":{"start":{"line":19,"column":30},"end":{"line":39,"column":null}},"8":{"start":{"line":20,"column":31},"end":{"line":20,"column":47}},"9":{"start":{"line":28,"column":4},"end":{"line":28,"column":71}},"10":{"start":{"line":35,"column":4},"end":{"line":37,"column":6}},"11":{"start":{"line":36,"column":19},"end":{"line":36,"column":48}},"12":{"start":{"line":24,"column":8},"end":{"line":29,"column":null}},"13":{"start":{"line":32,"column":8},"end":{"line":38,"column":null}},"14":{"start":{"line":19,"column":13},"end":{"line":39,"column":null}}},"fnMap":{"0":{"name":"(anonymous_4)","decl":{"start":{"line":20,"column":2},"end":{"line":20,"column":31}},"loc":{"start":{"line":20,"column":61},"end":{"line":20,"column":65}}},"1":{"name":"(anonymous_5)","decl":{"start":{"line":24,"column":2},"end":{"line":24,"column":7}},"loc":{"start":{"line":26,"column":28},"end":{"line":29,"column":3}}},"2":{"name":"(anonymous_6)","decl":{"start":{"line":32,"column":2},"end":{"line":32,"column":7}},"loc":{"start":{"line":33,"column":28},"end":{"line":38,"column":3}}},"3":{"name":"(anonymous_7)","decl":{"start":{"line":36,"column":6},"end":{"line":36,"column":7}},"loc":{"start":{"line":36,"column":19},"end":{"line":36,"column":48}}}},"branchMap":{},"s":{"0":1,"1":1,"2":1,"3":1,"4":1,"5":1,"6":1,"7":1,"8":3,"9":1,"10":1,"11":1,"12":1,"13":1,"14":1},"f":{"0":3,"1":1,"2":1,"3":1},"b":{}}
,"/home/miguel/workspaces/vendas-online/backend/src/address/address.service.ts": {"path":"/home/miguel/workspaces/vendas-online/backend/src/address/address.service.ts","statementMap":{"0":{"start":{"line":1,"column":0},"end":{"line":1,"column":63}},"1":{"start":{"line":2,"column":0},"end":{"line":2,"column":51}},"2":{"start":{"line":3,"column":0},"end":{"line":3,"column":51}},"3":{"start":{"line":4,"column":0},"end":{"line":4,"column":51}},"4":{"start":{"line":5,"column":0},"end":{"line":5,"column":37}},"5":{"start":{"line":7,"column":0},"end":{"line":7,"column":58}},"6":{"start":{"line":10,"column":27},"end":{"line":49,"column":null}},"7":{"start":{"line":13,"column":21},"end":{"line":13,"column":40}},"8":{"start":{"line":14,"column":21},"end":{"line":14,"column":34}},"9":{"start":{"line":15,"column":21},"end":{"line":15,"column":34}},"10":{"start":{"line":22,"column":4},"end":{"line":22,"column":48}},"11":{"start":{"line":23,"column":4},"end":{"line":23,"column":65}},"12":{"start":{"line":25,"column":4},"end":{"line":28,"column":7}},"13":{"start":{"line":32,"column":22},"end":{"line":41,"column":6}},"14":{"start":{"line":43,"column":4},"end":{"line":45,"column":null}},"15":{"start":{"line":44,"column":6},"end":{"line":44,"column":77}},"16":{"start":{"line":47,"column":4},"end":{"line":47,"column":21}},"17":{"start":{"line":10,"column":13},"end":{"line":49,"column":null}}},"fnMap":{"0":{"name":"(anonymous_4)","decl":{"start":{"line":11,"column":2},"end":{"line":11,"column":null}},"loc":{"start":{"line":15,"column":45},"end":{"line":16,"column":6}}},"1":{"name":"(anonymous_5)","decl":{"start":{"line":18,"column":2},"end":{"line":18,"column":7}},"loc":{"start":{"line":20,"column":18},"end":{"line":29,"column":3}}},"2":{"name":"(anonymous_6)","decl":{"start":{"line":31,"column":2},"end":{"line":31,"column":7}},"loc":{"start":{"line":31,"column":42},"end":{"line":48,"column":3}}}},"branchMap":{"0":{"loc":{"start":{"line":43,"column":4},"end":{"line":45,"column":null}},"type":"if","locations":[{"start":{"line":43,"column":4},"end":{"line":45,"column":null}}]},"1":{"loc":{"start":{"line":43,"column":8},"end":{"line":43,"column":44}},"type":"binary-expr","locations":[{"start":{"line":43,"column":8},"end":{"line":43,"column":18}},{"start":{"line":43,"column":22},"end":{"line":43,"column":44}}]}},"s":{"0":2,"1":2,"2":2,"3":2,"4":2,"5":2,"6":2,"7":6,"8":6,"9":6,"10":3,"11":2,"12":1,"13":2,"14":2,"15":1,"16":1,"17":2},"f":{"0":6,"1":3,"2":2},"b":{"0":[1],"1":[2,1]}}
,"/home/miguel/workspaces/vendas-online/backend/src/auth/auth.controller.ts": {"path":"/home/miguel/workspaces/vendas-online/backend/src/auth/auth.controller.ts","statementMap":{"0":{"start":{"line":1,"column":0},"end":{"line":1,"column":null}},"1":{"start":{"line":8,"column":0},"end":{"line":8,"column":45}},"2":{"start":{"line":9,"column":0},"end":{"line":9,"column":44}},"3":{"start":{"line":13,"column":27},"end":{"line":21,"column":null}},"4":{"start":{"line":14,"column":31},"end":{"line":14,"column":44}},"5":{"start":{"line":19,"column":4},"end":{"line":19,"column":44}},"6":{"start":{"line":18,"column":8},"end":{"line":20,"column":null}},"7":{"start":{"line":13,"column":13},"end":{"line":21,"column":null}}},"fnMap":{"0":{"name":"(anonymous_4)","decl":{"start":{"line":14,"column":2},"end":{"line":14,"column":31}},"loc":{"start":{"line":14,"column":55},"end":{"line":14,"column":59}}},"1":{"name":"(anonymous_5)","decl":{"start":{"line":18,"column":2},"end":{"line":18,"column":7}},"loc":{"start":{"line":18,"column":40},"end":{"line":20,"column":3}}}},"branchMap":{},"s":{"0":1,"1":1,"2":1,"3":1,"4":2,"5":1,"6":1,"7":1},"f":{"0":2,"1":1},"b":{}}
,"/home/miguel/workspaces/vendas-online/backend/src/auth/auth.service.ts": {"path":"/home/miguel/workspaces/vendas-online/backend/src/auth/auth.service.ts","statementMap":{"0":{"start":{"line":1,"column":0},"end":{"line":1,"column":63}},"1":{"start":{"line":2,"column":0},"end":{"line":2,"column":41}},"2":{"start":{"line":3,"column":0},"end":{"line":3,"column":53}},"3":{"start":{"line":4,"column":0},"end":{"line":4,"column":60}},"4":{"start":{"line":6,"column":0},"end":{"line":6,"column":51}},"5":{"start":{"line":8,"column":0},"end":{"line":8,"column":55}},"6":{"start":{"line":12,"column":24},"end":{"line":37,"column":null}},"7":{"start":{"line":14,"column":21},"end":{"line":14,"column":34}},"8":{"start":{"line":15,"column":12},"end":{"line":15,"column":24}},"9":{"start":{"line":19,"column":41},"end":{"line":21,"column":29}},"10":{"start":{"line":21,"column":19},"end":{"line":21,"column":28}},"11":{"start":{"line":23,"column":20},"end":{"line":25,"column":null}},"12":{"start":{"line":28,"column":4},"end":{"line":30,"column":null}},"13":{"start":{"line":29,"column":6},"end":{"line":29,"column":62}},"14":{"start":{"line":32,"column":4},"end":{"line":35,"column":6}},"15":{"start":{"line":12,"column":13},"end":{"line":37,"column":null}}},"fnMap":{"0":{"name":"(anonymous_2)","decl":{"start":{"line":13,"column":2},"end":{"line":13,"column":null}},"loc":{"start":{"line":15,"column":34},"end":{"line":16,"column":6}}},"1":{"name":"(anonymous_3)","decl":{"start":{"line":18,"column":2},"end":{"line":18,"column":7}},"loc":{"start":{"line":18,"column":32},"end":{"line":36,"column":3}}},"2":{"name":"(anonymous_4)","decl":{"start":{"line":21,"column":13},"end":{"line":21,"column":16}},"loc":{"start":{"line":21,"column":19},"end":{"line":21,"column":28}}}},"branchMap":{"0":{"loc":{"start":{"line":25,"column":6},"end":{"line":25,"column":26}},"type":"binary-expr","locations":[{"start":{"line":25,"column":6},"end":{"line":25,"column":20}},{"start":{"line":25,"column":24},"end":{"line":25,"column":26}}]},"1":{"loc":{"start":{"line":28,"column":4},"end":{"line":30,"column":null}},"type":"if","locations":[{"start":{"line":28,"column":4},"end":{"line":30,"column":null}}]},"2":{"loc":{"start":{"line":28,"column":8},"end":{"line":28,"column":25}},"type":"binary-expr","locations":[{"start":{"line":28,"column":8},"end":{"line":28,"column":13}},{"start":{"line":28,"column":17},"end":{"line":28,"column":25}}]}},"s":{"0":2,"1":2,"2":2,"3":2,"4":2,"5":2,"6":2,"7":5,"8":5,"9":4,"10":1,"11":4,"12":1,"13":0,"14":1,"15":2},"f":{"0":5,"1":4,"2":1},"b":{"0":[4,2],"1":[0],"2":[1,1]}}
,"/home/miguel/workspaces/vendas-online/backend/src/cache/cache.service.ts": {"path":"/home/miguel/workspaces/vendas-online/backend/src/cache/cache.service.ts","statementMap":{"0":{"start":{"line":1,"column":0},"end":{"line":1,"column":52}},"1":{"start":{"line":2,"column":0},"end":{"line":2,"column":54}},"2":{"start":{"line":6,"column":25},"end":{"line":25,"column":null}},"3":{"start":{"line":7,"column":45},"end":{"line":7,"column":64}},"4":{"start":{"line":13,"column":23},"end":{"line":13,"column":55}},"5":{"start":{"line":15,"column":4},"end":{"line":17,"column":null}},"6":{"start":{"line":16,"column":6},"end":{"line":16,"column":21}},"7":{"start":{"line":19,"column":22},"end":{"line":19,"column":45}},"8":{"start":{"line":21,"column":4},"end":{"line":21,"column":45}},"9":{"start":{"line":23,"column":4},"end":{"line":23,"column":18}},"10":{"start":{"line":6,"column":13},"end":{"line":25,"column":null}}},"fnMap":{"0":{"name":"(anonymous_4)","decl":{"start":{"line":7,"column":2},"end":{"line":7,"column":15}},"loc":{"start":{"line":7,"column":64},"end":{"line":7,"column":68}}},"1":{"name":"(anonymous_5)","decl":{"start":{"line":9,"column":2},"end":{"line":9,"column":7}},"loc":{"start":{"line":11,"column":37},"end":{"line":24,"column":3}}}},"branchMap":{"0":{"loc":{"start":{"line":15,"column":4},"end":{"line":17,"column":null}},"type":"if","locations":[{"start":{"line":15,"column":4},"end":{"line":17,"column":null}}]}},"s":{"0":16,"1":16,"2":16,"3":3,"4":2,"5":2,"6":1,"7":1,"8":1,"9":1,"10":16},"f":{"0":3,"1":2},"b":{"0":[1]}}
,"/home/miguel/workspaces/vendas-online/backend/src/cart/cart.controller.ts": {"path":"/home/miguel/workspaces/vendas-online/backend/src/cart/cart.controller.ts","statementMap":{"0":{"start":{"line":1,"column":0},"end":{"line":1,"column":null}},"1":{"start":{"line":12,"column":0},"end":{"line":12,"column":54}},"2":{"start":{"line":13,"column":0},"end":{"line":13,"column":57}},"3":{"start":{"line":14,"column":0},"end":{"line":14,"column":55}},"4":{"start":{"line":16,"column":0},"end":{"line":16,"column":45}},"5":{"start":{"line":17,"column":0},"end":{"line":17,"column":55}},"6":{"start":{"line":18,"column":0},"end":{"line":18,"column":55}},"7":{"start":{"line":19,"column":0},"end":{"line":19,"column":55}},"8":{"start":{"line":23,"column":27},"end":{"line":67,"column":null}},"9":{"start":{"line":24,"column":31},"end":{"line":24,"column":44}},"10":{"start":{"line":32,"column":4},"end":{"line":34,"column":6}},"11":{"start":{"line":39,"column":4},"end":{"line":41,"column":6}},"12":{"start":{"line":46,"column":4},"end":{"line":46,"column":46}},"13":{"start":{"line":54,"column":4},"end":{"line":54,"column":65}},"14":{"start":{"line":63,"column":4},"end":{"line":65,"column":6}},"15":{"start":{"line":28,"column":8},"end":{"line":35,"column":null}},"16":{"start":{"line":38,"column":8},"end":{"line":42,"column":null}},"17":{"start":{"line":45,"column":8},"end":{"line":47,"column":null}},"18":{"start":{"line":50,"column":8},"end":{"line":55,"column":null}},"19":{"start":{"line":59,"column":8},"end":{"line":66,"column":null}},"20":{"start":{"line":23,"column":13},"end":{"line":67,"column":null}}},"fnMap":{"0":{"name":"(anonymous_4)","decl":{"start":{"line":24,"column":2},"end":{"line":24,"column":31}},"loc":{"start":{"line":24,"column":55},"end":{"line":24,"column":59}}},"1":{"name":"(anonymous_5)","decl":{"start":{"line":28,"column":2},"end":{"line":28,"column":7}},"loc":{"start":{"line":30,"column":28},"end":{"line":35,"column":3}}},"2":{"name":"(anonymous_6)","decl":{"start":{"line":38,"column":2},"end":{"line":38,"column":7}},"loc":{"start":{"line":38,"column":49},"end":{"line":42,"column":3}}},"3":{"name":"(anonymous_7)","decl":{"start":{"line":45,"column":2},"end":{"line":45,"column":7}},"loc":{"start":{"line":45,"column":42},"end":{"line":47,"column":3}}},"4":{"name":"(anonymous_8)","decl":{"start":{"line":50,"column":2},"end":{"line":50,"column":7}},"loc":{"start":{"line":52,"column":28},"end":{"line":55,"column":3}}},"5":{"name":"(anonymous_9)","decl":{"start":{"line":59,"column":2},"end":{"line":59,"column":7}},"loc":{"start":{"line":61,"column":28},"end":{"line":66,"column":3}}}},"branchMap":{},"s":{"0":1,"1":1,"2":1,"3":1,"4":1,"5":1,"6":1,"7":1,"8":1,"9":5,"10":1,"11":1,"12":1,"13":0,"14":1,"15":1,"16":1,"17":1,"18":1,"19":1,"20":1},"f":{"0":5,"1":1,"2":1,"3":1,"4":0,"5":1},"b":{}}
,"/home/miguel/workspaces/vendas-online/backend/src/cart/cart.service.ts": {"path":"/home/miguel/workspaces/vendas-online/backend/src/cart/cart.service.ts","statementMap":{"0":{"start":{"line":1,"column":0},"end":{"line":1,"column":63}},"1":{"start":{"line":2,"column":0},"end":{"line":2,"column":51}},"2":{"start":{"line":3,"column":0},"end":{"line":3,"column":74}},"3":{"start":{"line":4,"column":0},"end":{"line":4,"column":51}},"4":{"start":{"line":7,"column":0},"end":{"line":7,"column":52}},"5":{"start":{"line":9,"column":22},"end":{"line":9,"column":23}},"6":{"start":{"line":12,"column":24},"end":{"line":101,"column":null}},"7":{"start":{"line":15,"column":21},"end":{"line":15,"column":37}},"8":{"start":{"line":16,"column":21},"end":{"line":16,"column":41}},"9":{"start":{"line":20,"column":17},"end":{"line":20,"column":52}},"10":{"start":{"line":22,"column":4},"end":{"line":25,"column":7}},"11":{"start":{"line":27,"column":4},"end":{"line":30,"column":6}},"12":{"start":{"line":37,"column":22},"end":{"line":43,"column":17}},"13":{"start":{"line":45,"column":17},"end":{"line":51,"column":6}},"14":{"start":{"line":53,"column":4},"end":{"line":55,"column":null}},"15":{"start":{"line":54,"column":6},"end":{"line":54,"column":59}},"16":{"start":{"line":57,"column":4},"end":{"line":57,"column":16}},"17":{"start":{"line":61,"column":4},"end":{"line":64,"column":7}},"18":{"start":{"line":71,"column":17},"end":{"line":73,"column":6}},"19":{"start":{"line":72,"column":6},"end":{"line":72,"column":37}},"20":{"start":{"line":75,"column":4},"end":{"line":75,"column":75}},"21":{"start":{"line":77,"column":4},"end":{"line":77,"column":16}},"22":{"start":{"line":84,"column":17},"end":{"line":84,"column":52}},"23":{"start":{"line":86,"column":4},"end":{"line":86,"column":73}},"24":{"start":{"line":93,"column":17},"end":{"line":95,"column":6}},"25":{"start":{"line":94,"column":6},"end":{"line":94,"column":37}},"26":{"start":{"line":97,"column":4},"end":{"line":97,"column":75}},"27":{"start":{"line":99,"column":4},"end":{"line":99,"column":16}},"28":{"start":{"line":12,"column":13},"end":{"line":101,"column":null}}},"fnMap":{"0":{"name":"(anonymous_4)","decl":{"start":{"line":13,"column":2},"end":{"line":13,"column":null}},"loc":{"start":{"line":16,"column":59},"end":{"line":17,"column":6}}},"1":{"name":"(anonymous_5)","decl":{"start":{"line":19,"column":2},"end":{"line":19,"column":7}},"loc":{"start":{"line":19,"column":32},"end":{"line":31,"column":3}}},"2":{"name":"(anonymous_6)","decl":{"start":{"line":33,"column":2},"end":{"line":33,"column":7}},"loc":{"start":{"line":35,"column":25},"end":{"line":58,"column":3}}},"3":{"name":"(anonymous_7)","decl":{"start":{"line":60,"column":2},"end":{"line":60,"column":7}},"loc":{"start":{"line":60,"column":33},"end":{"line":65,"column":3}}},"4":{"name":"(anonymous_8)","decl":{"start":{"line":67,"column":2},"end":{"line":67,"column":7}},"loc":{"start":{"line":69,"column":18},"end":{"line":78,"column":3}}},"5":{"name":"(anonymous_9)","decl":{"start":{"line":71,"column":59},"end":{"line":71,"column":64}},"loc":{"start":{"line":71,"column":70},"end":{"line":73,"column":5}}},"6":{"name":"(anonymous_10)","decl":{"start":{"line":80,"column":2},"end":{"line":80,"column":7}},"loc":{"start":{"line":82,"column":18},"end":{"line":87,"column":3}}},"7":{"name":"(anonymous_11)","decl":{"start":{"line":89,"column":2},"end":{"line":89,"column":7}},"loc":{"start":{"line":91,"column":18},"end":{"line":100,"column":3}}},"8":{"name":"(anonymous_12)","decl":{"start":{"line":93,"column":59},"end":{"line":93,"column":64}},"loc":{"start":{"line":93,"column":70},"end":{"line":95,"column":5}}}},"branchMap":{"0":{"loc":{"start":{"line":37,"column":22},"end":{"line":43,"column":17}},"type":"cond-expr","locations":[{"start":{"line":38,"column":8},"end":{"line":42,"column":null}},{"start":{"line":43,"column":8},"end":{"line":43,"column":17}}]},"1":{"loc":{"start":{"line":53,"column":4},"end":{"line":55,"column":null}},"type":"if","locations":[{"start":{"line":53,"column":4},"end":{"line":55,"column":null}}]}},"s":{"0":4,"1":4,"2":4,"3":4,"4":4,"5":4,"6":4,"7":15,"8":15,"9":2,"10":1,"11":1,"12":13,"13":13,"14":12,"15":5,"16":7,"17":3,"18":2,"19":1,"20":2,"21":2,"22":4,"23":2,"24":2,"25":1,"26":2,"27":2,"28":4},"f":{"0":15,"1":2,"2":13,"3":3,"4":2,"5":1,"6":4,"7":2,"8":1},"b":{"0":[1,12],"1":[5]}}
,"/home/miguel/workspaces/vendas-online/backend/src/cart-product/cart-product.service.ts": {"path":"/home/miguel/workspaces/vendas-online/backend/src/cart-product/cart-product.service.ts","statementMap":{"0":{"start":{"line":1,"column":0},"end":{"line":1,"column":63}},"1":{"start":{"line":2,"column":0},"end":{"line":2,"column":51}},"2":{"start":{"line":6,"column":0},"end":{"line":6,"column":60}},"3":{"start":{"line":7,"column":0},"end":{"line":7,"column":51}},"4":{"start":{"line":8,"column":0},"end":{"line":8,"column":67}},"5":{"start":{"line":11,"column":31},"end":{"line":91,"column":null}},"6":{"start":{"line":14,"column":21},"end":{"line":14,"column":44}},"7":{"start":{"line":15,"column":21},"end":{"line":15,"column":37}},"8":{"start":{"line":22,"column":24},"end":{"line":27,"column":6}},"9":{"start":{"line":29,"column":4},"end":{"line":31,"column":null}},"10":{"start":{"line":30,"column":6},"end":{"line":30,"column":63}},"11":{"start":{"line":33,"column":4},"end":{"line":33,"column":23}},"12":{"start":{"line":40,"column":4},"end":{"line":44,"column":7}},"13":{"start":{"line":51,"column":4},"end":{"line":51,"column":71}},"14":{"start":{"line":53,"column":24},"end":{"line":56,"column":28}},"15":{"start":{"line":56,"column":18},"end":{"line":56,"column":27}},"16":{"start":{"line":58,"column":4},"end":{"line":60,"column":null}},"17":{"start":{"line":59,"column":6},"end":{"line":59,"column":62}},"18":{"start":{"line":62,"column":4},"end":{"line":65,"column":7}},"19":{"start":{"line":72,"column":4},"end":{"line":72,"column":71}},"20":{"start":{"line":74,"column":24},"end":{"line":76,"column":null}},"21":{"start":{"line":79,"column":4},"end":{"line":82,"column":7}},"22":{"start":{"line":89,"column":4},"end":{"line":89,"column":68}},"23":{"start":{"line":11,"column":13},"end":{"line":91,"column":null}}},"fnMap":{"0":{"name":"(anonymous_4)","decl":{"start":{"line":12,"column":2},"end":{"line":12,"column":null}},"loc":{"start":{"line":15,"column":51},"end":{"line":16,"column":6}}},"1":{"name":"(anonymous_5)","decl":{"start":{"line":18,"column":2},"end":{"line":18,"column":7}},"loc":{"start":{"line":20,"column":18},"end":{"line":34,"column":3}}},"2":{"name":"(anonymous_6)","decl":{"start":{"line":36,"column":2},"end":{"line":36,"column":7}},"loc":{"start":{"line":38,"column":18},"end":{"line":45,"column":3}}},"3":{"name":"(anonymous_7)","decl":{"start":{"line":47,"column":2},"end":{"line":47,"column":7}},"loc":{"start":{"line":49,"column":20},"end":{"line":66,"column":3}}},"4":{"name":"(anonymous_8)","decl":{"start":{"line":56,"column":12},"end":{"line":56,"column":15}},"loc":{"start":{"line":56,"column":18},"end":{"line":56,"column":27}}},"5":{"name":"(anonymous_9)","decl":{"start":{"line":68,"column":2},"end":{"line":68,"column":7}},"loc":{"start":{"line":70,"column":20},"end":{"line":83,"column":3}}},"6":{"name":"(anonymous_10)","decl":{"start":{"line":85,"column":2},"end":{"line":85,"column":7}},"loc":{"start":{"line":87,"column":18},"end":{"line":90,"column":3}}}},"branchMap":{"0":{"loc":{"start":{"line":29,"column":4},"end":{"line":31,"column":null}},"type":"if","locations":[{"start":{"line":29,"column":4},"end":{"line":31,"column":null}}]},"1":{"loc":{"start":{"line":58,"column":4},"end":{"line":60,"column":null}},"type":"if","locations":[{"start":{"line":58,"column":4},"end":{"line":60,"column":null}}]}},"s":{"0":5,"1":5,"2":5,"3":5,"4":5,"5":5,"6":15,"7":15,"8":8,"9":6,"10":3,"11":3,"12":3,"13":3,"14":2,"15":1,"16":2,"17":1,"18":1,"19":3,"20":2,"21":1,"22":2,"23":5},"f":{"0":15,"1":8,"2":3,"3":3,"4":1,"5":3,"6":2},"b":{"0":[3],"1":[1]}}
,"/home/miguel/workspaces/vendas-online/backend/src/category/category.controller.ts": {"path":"/home/miguel/workspaces/vendas-online/backend/src/category/category.controller.ts","statementMap":{"0":{"start":{"line":1,"column":0},"end":{"line":1,"column":null}},"1":{"start":{"line":9,"column":0},"end":{"line":9,"column":54}},"2":{"start":{"line":10,"column":0},"end":{"line":10,"column":55}},"3":{"start":{"line":11,"column":0},"end":{"line":11,"column":53}},"4":{"start":{"line":12,"column":0},"end":{"line":12,"column":60}},"5":{"start":{"line":18,"column":31},"end":{"line":34,"column":null}},"6":{"start":{"line":19,"column":31},"end":{"line":19,"column":48}},"7":{"start":{"line":23,"column":4},"end":{"line":23,"column":52}},"8":{"start":{"line":32,"column":4},"end":{"line":32,"column":63}},"9":{"start":{"line":22,"column":8},"end":{"line":24,"column":null}},"10":{"start":{"line":29,"column":8},"end":{"line":33,"column":null}},"11":{"start":{"line":18,"column":13},"end":{"line":34,"column":null}}},"fnMap":{"0":{"name":"(anonymous_4)","decl":{"start":{"line":19,"column":2},"end":{"line":19,"column":31}},"loc":{"start":{"line":19,"column":63},"end":{"line":19,"column":67}}},"1":{"name":"(anonymous_5)","decl":{"start":{"line":22,"column":2},"end":{"line":22,"column":7}},"loc":{"start":{"line":22,"column":25},"end":{"line":24,"column":3}}},"2":{"name":"(anonymous_6)","decl":{"start":{"line":29,"column":2},"end":{"line":29,"column":7}},"loc":{"start":{"line":30,"column":42},"end":{"line":33,"column":3}}}},"branchMap":{},"s":{"0":1,"1":1,"2":1,"3":1,"4":1,"5":1,"6":3,"7":1,"8":1,"9":1,"10":1,"11":1},"f":{"0":3,"1":1,"2":1},"b":{}}
,"/home/miguel/workspaces/vendas-online/backend/src/category/category.service.ts": {"path":"/home/miguel/workspaces/vendas-online/backend/src/category/category.service.ts","statementMap":{"0":{"start":{"line":1,"column":0},"end":{"line":1,"column":null}},"1":{"start":{"line":8,"column":0},"end":{"line":8,"column":51}},"2":{"start":{"line":10,"column":0},"end":{"line":10,"column":60}},"3":{"start":{"line":11,"column":0},"end":{"line":11,"column":37}},"4":{"start":{"line":13,"column":0},"end":{"line":13,"column":60}},"5":{"start":{"line":14,"column":0},"end":{"line":14,"column":60}},"6":{"start":{"line":17,"column":28},"end":{"line":102,"column":null}},"7":{"start":{"line":20,"column":21},"end":{"line":20,"column":41}},"8":{"start":{"line":23,"column":21},"end":{"line":23,"column":37}},"9":{"start":{"line":30,"column":18},"end":{"line":31,"column":null}},"10":{"start":{"line":31,"column":21},"end":{"line":31,"column":58}},"11":{"start":{"line":34,"column":4},"end":{"line":36,"column":null}},"12":{"start":{"line":35,"column":6},"end":{"line":35,"column":25}},"13":{"start":{"line":38,"column":4},"end":{"line":38,"column":13}},"14":{"start":{"line":42,"column":23},"end":{"line":42,"column":59}},"15":{"start":{"line":44,"column":18},"end":{"line":44,"column":70}},"16":{"start":{"line":46,"column":4},"end":{"line":48,"column":null}},"17":{"start":{"line":47,"column":6},"end":{"line":47,"column":54}},"18":{"start":{"line":50,"column":4},"end":{"line":56,"column":6}},"19":{"start":{"line":52,"column":8},"end":{"line":54,"column":null}},"20":{"start":{"line":60,"column":21},"end":{"line":64,"column":6}},"21":{"start":{"line":66,"column":4},"end":{"line":68,"column":null}},"22":{"start":{"line":67,"column":6},"end":{"line":67,"column":69}},"23":{"start":{"line":70,"column":4},"end":{"line":70,"column":20}},"24":{"start":{"line":74,"column":21},"end":{"line":78,"column":6}},"25":{"start":{"line":80,"column":4},"end":{"line":82,"column":null}},"26":{"start":{"line":81,"column":6},"end":{"line":81,"column":69}},"27":{"start":{"line":84,"column":4},"end":{"line":84,"column":20}},"28":{"start":{"line":90,"column":21},"end":{"line":91,"column":null}},"29":{"start":{"line":91,"column":12},"end":{"line":91,"column":21}},"30":{"start":{"line":94,"column":4},"end":{"line":98,"column":null}},"31":{"start":{"line":95,"column":6},"end":{"line":97,"column":8}},"32":{"start":{"line":100,"column":4},"end":{"line":100,"column":56}},"33":{"start":{"line":17,"column":13},"end":{"line":102,"column":null}},"34":{"start":{"line":22,"column":29},"end":{"line":22,"column":43}}},"fnMap":{"0":{"name":"(anonymous_4)","decl":{"start":{"line":18,"column":2},"end":{"line":18,"column":null}},"loc":{"start":{"line":23,"column":51},"end":{"line":24,"column":6}}},"1":{"name":"(anonymous_5)","decl":{"start":{"line":26,"column":2},"end":{"line":26,"column":30}},"loc":{"start":{"line":28,"column":29},"end":{"line":39,"column":3}}},"2":{"name":"(anonymous_6)","decl":{"start":{"line":31,"column":6},"end":{"line":31,"column":7}},"loc":{"start":{"line":31,"column":21},"end":{"line":31,"column":58}}},"3":{"name":"(anonymous_7)","decl":{"start":{"line":41,"column":2},"end":{"line":41,"column":7}},"loc":{"start":{"line":41,"column":25},"end":{"line":57,"column":3}}},"4":{"name":"(anonymous_8)","decl":{"start":{"line":51,"column":6},"end":{"line":51,"column":7}},"loc":{"start":{"line":52,"column":8},"end":{"line":54,"column":null}}},"5":{"name":"(anonymous_9)","decl":{"start":{"line":59,"column":2},"end":{"line":59,"column":7}},"loc":{"start":{"line":59,"column":43},"end":{"line":71,"column":3}}},"6":{"name":"(anonymous_10)","decl":{"start":{"line":73,"column":2},"end":{"line":73,"column":7}},"loc":{"start":{"line":73,"column":39},"end":{"line":85,"column":3}}},"7":{"name":"(anonymous_11)","decl":{"start":{"line":87,"column":2},"end":{"line":87,"column":7}},"loc":{"start":{"line":88,"column":34},"end":{"line":101,"column":3}}},"8":{"name":"(anonymous_12)","decl":{"start":{"line":91,"column":6},"end":{"line":91,"column":9}},"loc":{"start":{"line":91,"column":12},"end":{"line":91,"column":21}}},"9":{"name":"(anonymous_13)","decl":{"start":{"line":22,"column":23},"end":{"line":22,"column":26}},"loc":{"start":{"line":22,"column":29},"end":{"line":22,"column":43}}}},"branchMap":{"0":{"loc":{"start":{"line":34,"column":4},"end":{"line":36,"column":null}},"type":"if","locations":[{"start":{"line":34,"column":4},"end":{"line":36,"column":null}}]},"1":{"loc":{"start":{"line":46,"column":4},"end":{"line":48,"column":null}},"type":"if","locations":[{"start":{"line":46,"column":4},"end":{"line":48,"column":null}}]},"2":{"loc":{"start":{"line":46,"column":8},"end":{"line":46,"column":46}},"type":"binary-expr","locations":[{"start":{"line":46,"column":8},"end":{"line":46,"column":19}},{"start":{"line":46,"column":23},"end":{"line":46,"column":46}}]},"3":{"loc":{"start":{"line":66,"column":4},"end":{"line":68,"column":null}},"type":"if","locations":[{"start":{"line":66,"column":4},"end":{"line":68,"column":null}}]},"4":{"loc":{"start":{"line":80,"column":4},"end":{"line":82,"column":null}},"type":"if","locations":[{"start":{"line":80,"column":4},"end":{"line":82,"column":null}}]},"5":{"loc":{"start":{"line":94,"column":4},"end":{"line":98,"column":null}},"type":"if","locations":[{"start":{"line":94,"column":4},"end":{"line":98,"column":null}}]}},"s":{"0":9,"1":9,"2":9,"3":9,"4":9,"5":9,"6":9,"7":11,"8":11,"9":1,"10":1,"11":1,"12":1,"13":0,"14":3,"15":2,"16":2,"17":1,"18":1,"19":1,"20":2,"21":2,"22":1,"23":1,"24":5,"25":5,"26":2,"27":3,"28":3,"29":1,"30":3,"31":2,"32":1,"33":9,"34":11},"f":{"0":11,"1":1,"2":1,"3":3,"4":1,"5":2,"6":5,"7":3,"8":1,"9":11},"b":{"0":[1],"1":[1],"2":[2,2],"3":[1],"4":[2],"5":[2]}}
,"/home/miguel/workspaces/vendas-online/backend/src/city/city.controller.ts": {"path":"/home/miguel/workspaces/vendas-online/backend/src/city/city.controller.ts","statementMap":{"0":{"start":{"line":1,"column":0},"end":{"line":1,"column":56}},"1":{"start":{"line":2,"column":0},"end":{"line":2,"column":45}},"2":{"start":{"line":6,"column":27},"end":{"line":15,"column":null}},"3":{"start":{"line":7,"column":31},"end":{"line":7,"column":44}},"4":{"start":{"line":13,"column":4},"end":{"line":13,"column":59}},"5":{"start":{"line":10,"column":8},"end":{"line":14,"column":null}},"6":{"start":{"line":6,"column":13},"end":{"line":15,"column":null}}},"fnMap":{"0":{"name":"(anonymous_4)","decl":{"start":{"line":7,"column":2},"end":{"line":7,"column":31}},"loc":{"start":{"line":7,"column":55},"end":{"line":7,"column":59}}},"1":{"name":"(anonymous_5)","decl":{"start":{"line":10,"column":2},"end":{"line":10,"column":7}},"loc":{"start":{"line":11,"column":37},"end":{"line":14,"column":3}}}},"branchMap":{},"s":{"0":1,"1":1,"2":1,"3":2,"4":1,"5":1,"6":1},"f":{"0":2,"1":1},"b":{}}
,"/home/miguel/workspaces/vendas-online/backend/src/city/city.service.ts": {"path":"/home/miguel/workspaces/vendas-online/backend/src/city/city.service.ts","statementMap":{"0":{"start":{"line":1,"column":0},"end":{"line":1,"column":63}},"1":{"start":{"line":2,"column":0},"end":{"line":2,"column":51}},"2":{"start":{"line":3,"column":0},"end":{"line":3,"column":54}},"3":{"start":{"line":4,"column":0},"end":{"line":4,"column":37}},"4":{"start":{"line":5,"column":0},"end":{"line":5,"column":52}},"5":{"start":{"line":8,"column":24},"end":{"line":62,"column":null}},"6":{"start":{"line":11,"column":21},"end":{"line":11,"column":37}},"7":{"start":{"line":13,"column":21},"end":{"line":13,"column":35}},"8":{"start":{"line":17,"column":4},"end":{"line":23,"column":6}},"9":{"start":{"line":18,"column":6},"end":{"line":22,"column":8}},"10":{"start":{"line":27,"column":17},"end":{"line":31,"column":6}},"11":{"start":{"line":33,"column":4},"end":{"line":35,"column":null}},"12":{"start":{"line":34,"column":6},"end":{"line":34,"column":66}},"13":{"start":{"line":37,"column":4},"end":{"line":37,"column":16}},"14":{"start":{"line":44,"column":17},"end":{"line":54,"column":6}},"15":{"start":{"line":56,"column":4},"end":{"line":58,"column":null}},"16":{"start":{"line":57,"column":6},"end":{"line":57,"column":53}},"17":{"start":{"line":60,"column":4},"end":{"line":60,"column":16}},"18":{"start":{"line":8,"column":13},"end":{"line":62,"column":null}}},"fnMap":{"0":{"name":"(anonymous_4)","decl":{"start":{"line":9,"column":2},"end":{"line":9,"column":null}},"loc":{"start":{"line":13,"column":47},"end":{"line":14,"column":6}}},"1":{"name":"(anonymous_5)","decl":{"start":{"line":16,"column":2},"end":{"line":16,"column":7}},"loc":{"start":{"line":16,"column":45},"end":{"line":24,"column":3}}},"2":{"name":"(anonymous_6)","decl":{"start":{"line":17,"column":72},"end":{"line":17,"column":75}},"loc":{"start":{"line":18,"column":6},"end":{"line":22,"column":8}}},"3":{"name":"(anonymous_7)","decl":{"start":{"line":26,"column":2},"end":{"line":26,"column":7}},"loc":{"start":{"line":26,"column":35},"end":{"line":38,"column":3}}},"4":{"name":"(anonymous_8)","decl":{"start":{"line":40,"column":2},"end":{"line":40,"column":7}},"loc":{"start":{"line":42,"column":21},"end":{"line":61,"column":3}}}},"branchMap":{"0":{"loc":{"start":{"line":33,"column":4},"end":{"line":35,"column":null}},"type":"if","locations":[{"start":{"line":33,"column":4},"end":{"line":35,"column":null}}]},"1":{"loc":{"start":{"line":56,"column":4},"end":{"line":58,"column":null}},"type":"if","locations":[{"start":{"line":56,"column":4},"end":{"line":58,"column":null}}]}},"s":{"0":15,"1":15,"2":15,"3":15,"4":15,"5":15,"6":4,"7":4,"8":1,"9":0,"10":2,"11":2,"12":1,"13":1,"14":0,"15":0,"16":0,"17":0,"18":15},"f":{"0":4,"1":1,"2":0,"3":2,"4":0},"b":{"0":[1],"1":[0]}}
,"/home/miguel/workspaces/vendas-online/backend/src/correios/correios.controller.ts": {"path":"/home/miguel/workspaces/vendas-online/backend/src/correios/correios.controller.ts","statementMap":{"0":{"start":{"line":1,"column":0},"end":{"line":1,"column":56}},"1":{"start":{"line":2,"column":0},"end":{"line":2,"column":53}},"2":{"start":{"line":6,"column":31},"end":{"line":13,"column":null}},"3":{"start":{"line":7,"column":31},"end":{"line":7,"column":48}},"4":{"start":{"line":11,"column":4},"end":{"line":11,"column":54}},"5":{"start":{"line":10,"column":8},"end":{"line":12,"column":null}},"6":{"start":{"line":6,"column":13},"end":{"line":13,"column":null}}},"fnMap":{"0":{"name":"(anonymous_4)","decl":{"start":{"line":7,"column":2},"end":{"line":7,"column":31}},"loc":{"start":{"line":7,"column":63},"end":{"line":7,"column":67}}},"1":{"name":"(anonymous_5)","decl":{"start":{"line":10,"column":2},"end":{"line":10,"column":7}},"loc":{"start":{"line":10,"column":41},"end":{"line":12,"column":3}}}},"branchMap":{},"s":{"0":1,"1":1,"2":1,"3":1,"4":0,"5":1,"6":1},"f":{"0":1,"1":0},"b":{}}
,"/home/miguel/workspaces/vendas-online/backend/src/correios/correios.service.ts": {"path":"/home/miguel/workspaces/vendas-online/backend/src/correios/correios.service.ts","statementMap":{"0":{"start":{"line":1,"column":0},"end":{"line":1,"column":44}},"1":{"start":{"line":2,"column":0},"end":{"line":2,"column":null}},"2":{"start":{"line":9,"column":0},"end":{"line":9,"column":51}},"3":{"start":{"line":12,"column":0},"end":{"line":12,"column":50}},"4":{"start":{"line":13,"column":0},"end":{"line":13,"column":37}},"5":{"start":{"line":15,"column":0},"end":{"line":15,"column":54}},"6":{"start":{"line":19,"column":28},"end":{"line":84,"column":null}},"7":{"start":{"line":23,"column":46},"end":{"line":23,"column":58}},"8":{"start":{"line":24,"column":21},"end":{"line":24,"column":34}},"9":{"start":{"line":25,"column":21},"end":{"line":25,"column":34}},"10":{"start":{"line":20,"column":2},"end":{"line":20,"column":46}},"11":{"start":{"line":21,"column":2},"end":{"line":21,"column":40}},"12":{"start":{"line":29,"column":41},"end":{"line":41,"column":8}},"13":{"start":{"line":32,"column":8},"end":{"line":34,"column":null}},"14":{"start":{"line":33,"column":10},"end":{"line":33,"column":55}},"15":{"start":{"line":35,"column":8},"end":{"line":35,"column":27}},"16":{"start":{"line":38,"column":8},"end":{"line":40,"column":10}},"17":{"start":{"line":43,"column":41},"end":{"line":45,"column":29}},"18":{"start":{"line":45,"column":19},"end":{"line":45,"column":28}},"19":{"start":{"line":47,"column":4},"end":{"line":47,"column":63}},"20":{"start":{"line":55,"column":4},"end":{"line":82,"column":7}},"21":{"start":{"line":56,"column":6},"end":{"line":81,"column":8}},"22":{"start":{"line":75,"column":10},"end":{"line":79,"column":null}},"23":{"start":{"line":76,"column":12},"end":{"line":76,"column":25}},"24":{"start":{"line":78,"column":12},"end":{"line":78,"column":56}},"25":{"start":{"line":19,"column":13},"end":{"line":84,"column":null}}},"fnMap":{"0":{"name":"(anonymous_4)","decl":{"start":{"line":22,"column":2},"end":{"line":22,"column":null}},"loc":{"start":{"line":25,"column":45},"end":{"line":26,"column":6}}},"1":{"name":"(anonymous_5)","decl":{"start":{"line":28,"column":2},"end":{"line":28,"column":7}},"loc":{"start":{"line":28,"column":36},"end":{"line":48,"column":3}}},"2":{"name":"(anonymous_6)","decl":{"start":{"line":31,"column":12},"end":{"line":31,"column":13}},"loc":{"start":{"line":31,"column":23},"end":{"line":36,"column":7}}},"3":{"name":"(anonymous_7)","decl":{"start":{"line":37,"column":13},"end":{"line":37,"column":14}},"loc":{"start":{"line":37,"column":35},"end":{"line":41,"column":7}}},"4":{"name":"(anonymous_8)","decl":{"start":{"line":45,"column":13},"end":{"line":45,"column":16}},"loc":{"start":{"line":45,"column":19},"end":{"line":45,"column":28}}},"5":{"name":"(anonymous_9)","decl":{"start":{"line":50,"column":2},"end":{"line":50,"column":7}},"loc":{"start":{"line":53,"column":31},"end":{"line":83,"column":3}}},"6":{"name":"(anonymous_10)","decl":{"start":{"line":55,"column":23},"end":{"line":55,"column":24}},"loc":{"start":{"line":55,"column":35},"end":{"line":82,"column":5}}},"7":{"name":"(anonymous_11)","decl":{"start":{"line":74,"column":8},"end":{"line":74,"column":9}},"loc":{"start":{"line":74,"column":42},"end":{"line":80,"column":9}}}},"branchMap":{"0":{"loc":{"start":{"line":32,"column":8},"end":{"line":34,"column":null}},"type":"if","locations":[{"start":{"line":32,"column":8},"end":{"line":34,"column":null}}]},"1":{"loc":{"start":{"line":71,"column":12},"end":{"line":71,"column":72}},"type":"cond-expr","locations":[{"start":{"line":71,"column":44},"end":{"line":71,"column":45}},{"start":{"line":71,"column":48},"end":{"line":71,"column":72}}]},"2":{"loc":{"start":{"line":75,"column":10},"end":{"line":79,"column":null}},"type":"if","locations":[{"start":{"line":75,"column":10},"end":{"line":79,"column":null}},{"start":{"line":77,"column":17},"end":{"line":79,"column":null}}]}},"s":{"0":11,"1":11,"2":11,"3":11,"4":11,"5":11,"6":11,"7":1,"8":1,"9":1,"10":1,"11":1,"12":0,"13":0,"14":0,"15":0,"16":0,"17":0,"18":0,"19":0,"20":0,"21":0,"22":0,"23":0,"24":0,"25":11},"f":{"0":1,"1":0,"2":0,"3":0,"4":0,"5":0,"6":0,"7":0},"b":{"0":[0],"1":[0,0],"2":[0,0]}}
,"/home/miguel/workspaces/vendas-online/backend/src/correios/enums/cd-format.enum.ts": {"path":"/home/miguel/workspaces/vendas-online/backend/src/correios/enums/cd-format.enum.ts","statementMap":{"0":{"start":{"line":1,"column":0},"end":{"line":1,"column":null}},"1":{"start":{"line":2,"column":2},"end":{"line":2,"column":null}}},"fnMap":{"0":{"name":"(anonymous_0)","decl":{"start":{"line":1,"column":0},"end":{"line":1,"column":12}},"loc":{"start":{"line":1,"column":24},"end":{"line":3,"column":1}}}},"branchMap":{"0":{"loc":{"start":{"line":1,"column":12},"end":{"line":1,"column":null}},"type":"binary-expr","locations":[{"start":{"line":1,"column":12},"end":{"line":1,"column":24}},{"start":{"line":1,"column":24},"end":{"line":1,"column":null}}]}},"s":{"0":11,"1":11},"f":{"0":11},"b":{"0":[11,11]}}
,"/home/miguel/workspaces/vendas-online/backend/src/correios/enums/cd-service.enum.ts": {"path":"/home/miguel/workspaces/vendas-online/backend/src/correios/enums/cd-service.enum.ts","statementMap":{"0":{"start":{"line":1,"column":0},"end":{"line":1,"column":null}},"1":{"start":{"line":2,"column":2},"end":{"line":2,"column":null}},"2":{"start":{"line":3,"column":2},"end":{"line":3,"column":null}},"3":{"start":{"line":4,"column":2},"end":{"line":4,"column":null}}},"fnMap":{"0":{"name":"(anonymous_0)","decl":{"start":{"line":1,"column":0},"end":{"line":1,"column":12}},"loc":{"start":{"line":1,"column":25},"end":{"line":5,"column":1}}}},"branchMap":{"0":{"loc":{"start":{"line":1,"column":12},"end":{"line":1,"column":null}},"type":"binary-expr","locations":[{"start":{"line":1,"column":12},"end":{"line":1,"column":25}},{"start":{"line":1,"column":25},"end":{"line":1,"column":null}}]}},"s":{"0":9,"1":9,"2":9,"3":9},"f":{"0":9},"b":{"0":[9,9]}}
,"/home/miguel/workspaces/vendas-online/backend/src/order/order.controller.ts": {"path":"/home/miguel/workspaces/vendas-online/backend/src/order/order.controller.ts","statementMap":{"0":{"start":{"line":1,"column":0},"end":{"line":1,"column":null}},"1":{"start":{"line":10,"column":0},"end":{"line":10,"column":54}},"2":{"start":{"line":11,"column":0},"end":{"line":11,"column":55}},"3":{"start":{"line":12,"column":0},"end":{"line":12,"column":57}},"4":{"start":{"line":13,"column":0},"end":{"line":13,"column":57}},"5":{"start":{"line":15,"column":0},"end":{"line":15,"column":47}},"6":{"start":{"line":16,"column":0},"end":{"line":16,"column":57}},"7":{"start":{"line":20,"column":28},"end":{"line":54,"column":null}},"8":{"start":{"line":21,"column":31},"end":{"line":21,"column":45}},"9":{"start":{"line":29,"column":4},"end":{"line":29,"column":65}},"10":{"start":{"line":34,"column":4},"end":{"line":34,"column":56}},"11":{"start":{"line":40,"column":4},"end":{"line":42,"column":6}},"12":{"start":{"line":41,"column":17},"end":{"line":41,"column":42}},"13":{"start":{"line":50,"column":4},"end":{"line":52,"column":6}},"14":{"start":{"line":25,"column":8},"end":{"line":30,"column":null}},"15":{"start":{"line":33,"column":8},"end":{"line":35,"column":null}},"16":{"start":{"line":39,"column":8},"end":{"line":43,"column":null}},"17":{"start":{"line":47,"column":8},"end":{"line":53,"column":null}},"18":{"start":{"line":20,"column":13},"end":{"line":54,"column":null}}},"fnMap":{"0":{"name":"(anonymous_4)","decl":{"start":{"line":21,"column":2},"end":{"line":21,"column":31}},"loc":{"start":{"line":21,"column":57},"end":{"line":21,"column":61}}},"1":{"name":"(anonymous_5)","decl":{"start":{"line":25,"column":2},"end":{"line":25,"column":7}},"loc":{"start":{"line":27,"column":28},"end":{"line":30,"column":3}}},"2":{"name":"(anonymous_6)","decl":{"start":{"line":33,"column":2},"end":{"line":33,"column":7}},"loc":{"start":{"line":33,"column":51},"end":{"line":35,"column":3}}},"3":{"name":"(anonymous_7)","decl":{"start":{"line":39,"column":2},"end":{"line":39,"column":7}},"loc":{"start":{"line":39,"column":21},"end":{"line":43,"column":3}}},"4":{"name":"(anonymous_8)","decl":{"start":{"line":41,"column":6},"end":{"line":41,"column":7}},"loc":{"start":{"line":41,"column":17},"end":{"line":41,"column":42}}},"5":{"name":"(anonymous_9)","decl":{"start":{"line":47,"column":2},"end":{"line":47,"column":7}},"loc":{"start":{"line":48,"column":37},"end":{"line":53,"column":3}}}},"branchMap":{},"s":{"0":1,"1":1,"2":1,"3":1,"4":1,"5":1,"6":1,"7":1,"8":4,"9":0,"10":1,"11":1,"12":1,"13":1,"14":1,"15":1,"16":1,"17":1,"18":1},"f":{"0":4,"1":0,"2":1,"3":1,"4":1,"5":1},"b":{}}
,"/home/miguel/workspaces/vendas-online/backend/src/order/order.service.ts": {"path":"/home/miguel/workspaces/vendas-online/backend/src/order/order.service.ts","statementMap":{"0":{"start":{"line":1,"column":0},"end":{"line":1,"column":63}},"1":{"start":{"line":2,"column":0},"end":{"line":2,"column":51}},"2":{"start":{"line":3,"column":0},"end":{"line":3,"column":51}},"3":{"start":{"line":6,"column":0},"end":{"line":6,"column":77}},"4":{"start":{"line":8,"column":0},"end":{"line":8,"column":60}},"5":{"start":{"line":10,"column":0},"end":{"line":10,"column":60}},"6":{"start":{"line":11,"column":0},"end":{"line":11,"column":37}},"7":{"start":{"line":13,"column":0},"end":{"line":13,"column":54}},"8":{"start":{"line":16,"column":25},"end":{"line":143,"column":null}},"9":{"start":{"line":19,"column":21},"end":{"line":19,"column":38}},"10":{"start":{"line":20,"column":21},"end":{"line":20,"column":37}},"11":{"start":{"line":21,"column":21},"end":{"line":21,"column":34}},"12":{"start":{"line":22,"column":21},"end":{"line":22,"column":42}},"13":{"start":{"line":23,"column":21},"end":{"line":23,"column":37}},"14":{"start":{"line":31,"column":4},"end":{"line":36,"column":7}},"15":{"start":{"line":44,"column":4},"end":{"line":54,"column":6}},"16":{"start":{"line":46,"column":8},"end":{"line":51,"column":null}},"17":{"start":{"line":49,"column":37},"end":{"line":49,"column":73}},"18":{"start":{"line":61,"column":17},"end":{"line":61,"column":70}},"19":{"start":{"line":62,"column":21},"end":{"line":63,"column":null}},"20":{"start":{"line":63,"column":45},"end":{"line":63,"column":66}},"21":{"start":{"line":66,"column":35},"end":{"line":69,"column":null}},"22":{"start":{"line":72,"column":18},"end":{"line":72,"column":71}},"23":{"start":{"line":74,"column":4},"end":{"line":74,"column":69}},"24":{"start":{"line":76,"column":4},"end":{"line":76,"column":45}},"25":{"start":{"line":78,"column":4},"end":{"line":78,"column":17}},"26":{"start":{"line":85,"column":19},"end":{"line":104,"column":6}},"27":{"start":{"line":106,"column":4},"end":{"line":108,"column":null}},"28":{"start":{"line":107,"column":6},"end":{"line":107,"column":54}},"29":{"start":{"line":110,"column":4},"end":{"line":110,"column":18}},"30":{"start":{"line":114,"column":19},"end":{"line":118,"column":6}},"31":{"start":{"line":120,"column":4},"end":{"line":122,"column":null}},"32":{"start":{"line":121,"column":6},"end":{"line":121,"column":54}},"33":{"start":{"line":125,"column":6},"end":{"line":126,"column":null}},"34":{"start":{"line":126,"column":30},"end":{"line":126,"column":38}},"35":{"start":{"line":129,"column":4},"end":{"line":141,"column":7}},"36":{"start":{"line":130,"column":27},"end":{"line":131,"column":null}},"37":{"start":{"line":131,"column":26},"end":{"line":131,"column":60}},"38":{"start":{"line":134,"column":6},"end":{"line":139,"column":null}},"39":{"start":{"line":135,"column":8},"end":{"line":138,"column":10}},"40":{"start":{"line":140,"column":6},"end":{"line":140,"column":19}},"41":{"start":{"line":16,"column":13},"end":{"line":143,"column":null}}},"fnMap":{"0":{"name":"(anonymous_4)","decl":{"start":{"line":17,"column":2},"end":{"line":17,"column":null}},"loc":{"start":{"line":23,"column":51},"end":{"line":24,"column":6}}},"1":{"name":"(anonymous_5)","decl":{"start":{"line":26,"column":2},"end":{"line":26,"column":7}},"loc":{"start":{"line":29,"column":26},"end":{"line":37,"column":3}}},"2":{"name":"(anonymous_6)","decl":{"start":{"line":39,"column":2},"end":{"line":39,"column":7}},"loc":{"start":{"line":42,"column":29},"end":{"line":55,"column":3}}},"3":{"name":"(anonymous_7)","decl":{"start":{"line":45,"column":28},"end":{"line":45,"column":29}},"loc":{"start":{"line":46,"column":8},"end":{"line":51,"column":null}}},"4":{"name":"(anonymous_8)","decl":{"start":{"line":49,"column":24},"end":{"line":49,"column":25}},"loc":{"start":{"line":49,"column":37},"end":{"line":49,"column":73}}},"5":{"name":"(anonymous_9)","decl":{"start":{"line":57,"column":2},"end":{"line":57,"column":7}},"loc":{"start":{"line":59,"column":18},"end":{"line":79,"column":3}}},"6":{"name":"(anonymous_10)","decl":{"start":{"line":63,"column":28},"end":{"line":63,"column":29}},"loc":{"start":{"line":63,"column":45},"end":{"line":63,"column":66}}},"7":{"name":"(anonymous_11)","decl":{"start":{"line":81,"column":2},"end":{"line":81,"column":7}},"loc":{"start":{"line":83,"column":20},"end":{"line":111,"column":3}}},"8":{"name":"(anonymous_12)","decl":{"start":{"line":113,"column":2},"end":{"line":113,"column":7}},"loc":{"start":{"line":113,"column":21},"end":{"line":142,"column":3}}},"9":{"name":"(anonymous_13)","decl":{"start":{"line":126,"column":19},"end":{"line":126,"column":20}},"loc":{"start":{"line":126,"column":30},"end":{"line":126,"column":38}}},"10":{"name":"(anonymous_14)","decl":{"start":{"line":129,"column":22},"end":{"line":129,"column":23}},"loc":{"start":{"line":129,"column":32},"end":{"line":141,"column":5}}},"11":{"name":"(anonymous_15)","decl":{"start":{"line":131,"column":8},"end":{"line":131,"column":9}},"loc":{"start":{"line":131,"column":26},"end":{"line":131,"column":60}}}},"branchMap":{"0":{"loc":{"start":{"line":49,"column":10},"end":{"line":50,"column":24}},"type":"binary-expr","locations":[{"start":{"line":49,"column":10},"end":{"line":50,"column":19}},{"start":{"line":50,"column":23},"end":{"line":50,"column":24}}]},"1":{"loc":{"start":{"line":106,"column":4},"end":{"line":108,"column":null}},"type":"if","locations":[{"start":{"line":106,"column":4},"end":{"line":108,"column":null}}]},"2":{"loc":{"start":{"line":106,"column":8},"end":{"line":106,"column":38}},"type":"binary-expr","locations":[{"start":{"line":106,"column":8},"end":{"line":106,"column":15}},{"start":{"line":106,"column":19},"end":{"line":106,"column":38}}]},"3":{"loc":{"start":{"line":120,"column":4},"end":{"line":122,"column":null}},"type":"if","locations":[{"start":{"line":120,"column":4},"end":{"line":122,"column":null}}]},"4":{"loc":{"start":{"line":120,"column":8},"end":{"line":120,"column":38}},"type":"binary-expr","locations":[{"start":{"line":120,"column":8},"end":{"line":120,"column":15}},{"start":{"line":120,"column":19},"end":{"line":120,"column":38}}]},"5":{"loc":{"start":{"line":134,"column":6},"end":{"line":139,"column":null}},"type":"if","locations":[{"start":{"line":134,"column":6},"end":{"line":139,"column":null}}]}},"s":{"0":2,"1":2,"2":2,"3":2,"4":2,"5":2,"6":2,"7":2,"8":2,"9":9,"10":9,"11":9,"12":9,"13":9,"14":3,"15":2,"16":3,"17":3,"18":1,"19":1,"20":1,"21":1,"22":1,"23":1,"24":1,"25":1,"26":2,"27":2,"28":1,"29":1,"30":2,"31":2,"32":1,"33":1,"34":1,"35":1,"36":1,"37":0,"38":1,"39":0,"40":1,"41":2},"f":{"0":9,"1":3,"2":2,"3":3,"4":3,"5":1,"6":1,"7":2,"8":2,"9":1,"10":1,"11":0},"b":{"0":[3,0],"1":[1],"2":[2,2],"3":[1],"4":[2,2],"5":[0]}}
,"/home/miguel/workspaces/vendas-online/backend/src/order-product/order-product.service.ts": {"path":"/home/miguel/workspaces/vendas-online/backend/src/order-product/order-product.service.ts","statementMap":{"0":{"start":{"line":1,"column":0},"end":{"line":1,"column":44}},"1":{"start":{"line":2,"column":0},"end":{"line":2,"column":51}},"2":{"start":{"line":3,"column":0},"end":{"line":3,"column":37}},"3":{"start":{"line":5,"column":0},"end":{"line":5,"column":69}},"4":{"start":{"line":8,"column":32},"end":{"line":38,"column":null}},"5":{"start":{"line":11,"column":21},"end":{"line":11,"column":45}},"6":{"start":{"line":20,"column":4},"end":{"line":25,"column":7}},"7":{"start":{"line":31,"column":4},"end":{"line":36,"column":20}},"8":{"start":{"line":8,"column":13},"end":{"line":38,"column":null}}},"fnMap":{"0":{"name":"(anonymous_4)","decl":{"start":{"line":9,"column":2},"end":{"line":9,"column":null}},"loc":{"start":{"line":11,"column":75},"end":{"line":12,"column":6}}},"1":{"name":"(anonymous_5)","decl":{"start":{"line":14,"column":2},"end":{"line":14,"column":7}},"loc":{"start":{"line":18,"column":18},"end":{"line":26,"column":3}}},"2":{"name":"(anonymous_6)","decl":{"start":{"line":28,"column":2},"end":{"line":28,"column":7}},"loc":{"start":{"line":29,"column":21},"end":{"line":37,"column":3}}}},"branchMap":{},"s":{"0":3,"1":3,"2":3,"3":3,"4":3,"5":3,"6":2,"7":0,"8":3},"f":{"0":3,"1":2,"2":0},"b":{}}
,"/home/miguel/workspaces/vendas-online/backend/src/payment/payment.service.ts": {"path":"/home/miguel/workspaces/vendas-online/backend/src/payment/payment.service.ts","statementMap":{"0":{"start":{"line":1,"column":0},"end":{"line":1,"column":65}},"1":{"start":{"line":2,"column":0},"end":{"line":2,"column":51}},"2":{"start":{"line":6,"column":0},"end":{"line":6,"column":72}},"3":{"start":{"line":8,"column":0},"end":{"line":8,"column":37}},"4":{"start":{"line":9,"column":0},"end":{"line":9,"column":80}},"5":{"start":{"line":10,"column":0},"end":{"line":10,"column":65}},"6":{"start":{"line":11,"column":0},"end":{"line":11,"column":58}},"7":{"start":{"line":14,"column":27},"end":{"line":73,"column":null}},"8":{"start":{"line":17,"column":21},"end":{"line":17,"column":40}},"9":{"start":{"line":21,"column":4},"end":{"line":23,"column":null}},"10":{"start":{"line":22,"column":6},"end":{"line":22,"column":15}},"11":{"start":{"line":25,"column":4},"end":{"line":39,"column":6}},"12":{"start":{"line":28,"column":26},"end":{"line":29,"column":null}},"13":{"start":{"line":29,"column":25},"end":{"line":29,"column":61}},"14":{"start":{"line":31,"column":10},"end":{"line":33,"column":null}},"15":{"start":{"line":32,"column":12},"end":{"line":32,"column":54}},"16":{"start":{"line":35,"column":10},"end":{"line":35,"column":19}},"17":{"start":{"line":37,"column":47},"end":{"line":37,"column":73}},"18":{"start":{"line":47,"column":23},"end":{"line":47,"column":62}},"19":{"start":{"line":49,"column":4},"end":{"line":67,"column":null}},"20":{"start":{"line":50,"column":32},"end":{"line":55,"column":null}},"21":{"start":{"line":57,"column":6},"end":{"line":57,"column":60}},"22":{"start":{"line":58,"column":11},"end":{"line":67,"column":null}},"23":{"start":{"line":59,"column":25},"end":{"line":64,"column":null}},"24":{"start":{"line":66,"column":6},"end":{"line":66,"column":53}},"25":{"start":{"line":69,"column":4},"end":{"line":71,"column":6}},"26":{"start":{"line":14,"column":13},"end":{"line":73,"column":null}}},"fnMap":{"0":{"name":"(anonymous_4)","decl":{"start":{"line":15,"column":2},"end":{"line":15,"column":null}},"loc":{"start":{"line":17,"column":65},"end":{"line":18,"column":6}}},"1":{"name":"(anonymous_5)","decl":{"start":{"line":20,"column":2},"end":{"line":20,"column":20}},"loc":{"start":{"line":20,"column":64},"end":{"line":40,"column":3}}},"2":{"name":"(anonymous_6)","decl":{"start":{"line":27,"column":13},"end":{"line":27,"column":14}},"loc":{"start":{"line":27,"column":48},"end":{"line":36,"column":9}}},"3":{"name":"(anonymous_7)","decl":{"start":{"line":29,"column":12},"end":{"line":29,"column":13}},"loc":{"start":{"line":29,"column":25},"end":{"line":29,"column":61}}},"4":{"name":"(anonymous_8)","decl":{"start":{"line":37,"column":16},"end":{"line":37,"column":17}},"loc":{"start":{"line":37,"column":47},"end":{"line":37,"column":73}}},"5":{"name":"(anonymous_9)","decl":{"start":{"line":42,"column":2},"end":{"line":42,"column":7}},"loc":{"start":{"line":45,"column":20},"end":{"line":72,"column":3}}}},"branchMap":{"0":{"loc":{"start":{"line":21,"column":4},"end":{"line":23,"column":null}},"type":"if","locations":[{"start":{"line":21,"column":4},"end":{"line":23,"column":null}}]},"1":{"loc":{"start":{"line":21,"column":8},"end":{"line":21,"column":58}},"type":"binary-expr","locations":[{"start":{"line":21,"column":8},"end":{"line":21,"column":25}},{"start":{"line":21,"column":29},"end":{"line":21,"column":58}}]},"2":{"loc":{"start":{"line":31,"column":10},"end":{"line":33,"column":null}},"type":"if","locations":[{"start":{"line":31,"column":10},"end":{"line":33,"column":null}}]},"3":{"loc":{"start":{"line":49,"column":4},"end":{"line":67,"column":null}},"type":"if","locations":[{"start":{"line":49,"column":4},"end":{"line":67,"column":null}},{"start":{"line":58,"column":11},"end":{"line":67,"column":null}}]},"4":{"loc":{"start":{"line":58,"column":11},"end":{"line":67,"column":null}},"type":"if","locations":[{"start":{"line":58,"column":11},"end":{"line":67,"column":null}}]},"5":{"loc":{"start":{"line":58,"column":15},"end":{"line":58,"column":67}},"type":"binary-expr","locations":[{"start":{"line":58,"column":15},"end":{"line":58,"column":37}},{"start":{"line":58,"column":41},"end":{"line":58,"column":67}}]}},"s":{"0":3,"1":3,"2":3,"3":3,"4":3,"5":3,"6":3,"7":3,"8":7,"9":6,"10":4,"11":2,"12":2,"13":2,"14":2,"15":2,"16":0,"17":2,"18":6,"19":6,"20":4,"21":4,"22":2,"23":1,"24":1,"25":1,"26":3},"f":{"0":7,"1":6,"2":2,"3":2,"4":2,"5":6},"b":{"0":[4],"1":[6,2],"2":[2],"3":[4,2],"4":[1],"5":[2,1]}}
,"/home/miguel/workspaces/vendas-online/backend/src/payment-status/payment-status.service.ts": {"path":"/home/miguel/workspaces/vendas-online/backend/src/payment-status/payment-status.service.ts","statementMap":{"0":{"start":{"line":1,"column":0},"end":{"line":1,"column":44}},"1":{"start":{"line":4,"column":33},"end":{"line":4,"column":null}},"2":{"start":{"line":4,"column":13},"end":{"line":4,"column":null}}},"fnMap":{},"branchMap":{},"s":{"0":1,"1":1,"2":1},"f":{},"b":{}}
,"/home/miguel/workspaces/vendas-online/backend/src/payment-status/enums/payment-type.enum.ts": {"path":"/home/miguel/workspaces/vendas-online/backend/src/payment-status/enums/payment-type.enum.ts","statementMap":{"0":{"start":{"line":1,"column":0},"end":{"line":1,"column":null}},"1":{"start":{"line":2,"column":2},"end":{"line":2,"column":null}}},"fnMap":{"0":{"name":"(anonymous_0)","decl":{"start":{"line":1,"column":0},"end":{"line":1,"column":12}},"loc":{"start":{"line":1,"column":23},"end":{"line":3,"column":1}}}},"branchMap":{"0":{"loc":{"start":{"line":1,"column":12},"end":{"line":1,"column":null}},"type":"binary-expr","locations":[{"start":{"line":1,"column":12},"end":{"line":1,"column":23}},{"start":{"line":1,"column":23},"end":{"line":1,"column":null}}]}},"s":{"0":4,"1":4},"f":{"0":4},"b":{"0":[4,4]}}
,"/home/miguel/workspaces/vendas-online/backend/src/product/product.controller.ts": {"path":"/home/miguel/workspaces/vendas-online/backend/src/product/product.controller.ts","statementMap":{"0":{"start":{"line":1,"column":0},"end":{"line":1,"column":null}},"1":{"start":{"line":13,"column":0},"end":{"line":13,"column":54}},"2":{"start":{"line":14,"column":0},"end":{"line":14,"column":55}},"3":{"start":{"line":15,"column":0},"end":{"line":15,"column":61}},"4":{"start":{"line":18,"column":0},"end":{"line":18,"column":61}},"5":{"start":{"line":19,"column":0},"end":{"line":19,"column":58}},"6":{"start":{"line":20,"column":0},"end":{"line":20,"column":51}},"7":{"start":{"line":23,"column":30},"end":{"line":68,"column":null}},"8":{"start":{"line":24,"column":31},"end":{"line":24,"column":47}},"9":{"start":{"line":29,"column":4},"end":{"line":31,"column":6}},"10":{"start":{"line":30,"column":19},"end":{"line":30,"column":45}},"11":{"start":{"line":40,"column":4},"end":{"line":40,"column":60}},"12":{"start":{"line":48,"column":4},"end":{"line":48,"column":56}},"13":{"start":{"line":58,"column":4},"end":{"line":58,"column":71}},"14":{"start":{"line":66,"column":4},"end":{"line":66,"column":65}},"15":{"start":{"line":28,"column":8},"end":{"line":32,"column":null}},"16":{"start":{"line":37,"column":8},"end":{"line":41,"column":null}},"17":{"start":{"line":45,"column":8},"end":{"line":49,"column":null}},"18":{"start":{"line":54,"column":8},"end":{"line":59,"column":null}},"19":{"start":{"line":62,"column":8},"end":{"line":67,"column":null}},"20":{"start":{"line":23,"column":13},"end":{"line":68,"column":null}}},"fnMap":{"0":{"name":"(anonymous_4)","decl":{"start":{"line":24,"column":2},"end":{"line":24,"column":31}},"loc":{"start":{"line":24,"column":61},"end":{"line":24,"column":65}}},"1":{"name":"(anonymous_5)","decl":{"start":{"line":28,"column":2},"end":{"line":28,"column":7}},"loc":{"start":{"line":28,"column":15},"end":{"line":32,"column":3}}},"2":{"name":"(anonymous_6)","decl":{"start":{"line":30,"column":6},"end":{"line":30,"column":7}},"loc":{"start":{"line":30,"column":19},"end":{"line":30,"column":45}}},"3":{"name":"(anonymous_7)","decl":{"start":{"line":37,"column":2},"end":{"line":37,"column":7}},"loc":{"start":{"line":38,"column":43},"end":{"line":41,"column":3}}},"4":{"name":"(anonymous_8)","decl":{"start":{"line":45,"column":2},"end":{"line":45,"column":7}},"loc":{"start":{"line":46,"column":41},"end":{"line":49,"column":3}}},"5":{"name":"(anonymous_9)","decl":{"start":{"line":54,"column":2},"end":{"line":54,"column":7}},"loc":{"start":{"line":56,"column":41},"end":{"line":59,"column":3}}},"6":{"name":"(anonymous_10)","decl":{"start":{"line":62,"column":2},"end":{"line":62,"column":7}},"loc":{"start":{"line":64,"column":29},"end":{"line":67,"column":3}}}},"branchMap":{},"s":{"0":1,"1":1,"2":1,"3":1,"4":1,"5":1,"6":1,"7":1,"8":5,"9":1,"10":1,"11":1,"12":1,"13":1,"14":0,"15":1,"16":1,"17":1,"18":1,"19":1,"20":1},"f":{"0":5,"1":1,"2":1,"3":1,"4":1,"5":1,"6":0},"b":{}}
,"/home/miguel/workspaces/vendas-online/backend/src/product/product.service.ts": {"path":"/home/miguel/workspaces/vendas-online/backend/src/product/product.service.ts","statementMap":{"0":{"start":{"line":1,"column":0},"end":{"line":1,"column":null}},"1":{"start":{"line":8,"column":0},"end":{"line":8,"column":51}},"2":{"start":{"line":9,"column":0},"end":{"line":9,"column":63}},"3":{"start":{"line":10,"column":0},"end":{"line":10,"column":55}},"4":{"start":{"line":12,"column":0},"end":{"line":12,"column":58}},"5":{"start":{"line":15,"column":0},"end":{"line":15,"column":67}},"6":{"start":{"line":16,"column":0},"end":{"line":16,"column":63}},"7":{"start":{"line":17,"column":0},"end":{"line":17,"column":66}},"8":{"start":{"line":18,"column":0},"end":{"line":18,"column":74}},"9":{"start":{"line":21,"column":27},"end":{"line":136,"column":null}},"10":{"start":{"line":24,"column":21},"end":{"line":24,"column":40}},"11":{"start":{"line":27,"column":21},"end":{"line":27,"column":38}},"12":{"start":{"line":29,"column":21},"end":{"line":29,"column":38}},"13":{"start":{"line":36,"column":22},"end":{"line":36,"column":24}},"14":{"start":{"line":38,"column":4},"end":{"line":44,"column":null}},"15":{"start":{"line":39,"column":6},"end":{"line":43,"column":8}},"16":{"start":{"line":46,"column":4},"end":{"line":53,"column":null}},"17":{"start":{"line":47,"column":6},"end":{"line":52,"column":8}},"18":{"start":{"line":55,"column":21},"end":{"line":55,"column":67}},"19":{"start":{"line":57,"column":4},"end":{"line":59,"column":null}},"20":{"start":{"line":58,"column":6},"end":{"line":58,"column":56}},"21":{"start":{"line":61,"column":4},"end":{"line":61,"column":20}},"22":{"start":{"line":65,"column":4},"end":{"line":65,"column":74}},"23":{"start":{"line":67,"column":4},"end":{"line":74,"column":7}},"24":{"start":{"line":78,"column":20},"end":{"line":82,"column":6}},"25":{"start":{"line":84,"column":4},"end":{"line":86,"column":null}},"26":{"start":{"line":85,"column":6},"end":{"line":85,"column":72}},"27":{"start":{"line":88,"column":4},"end":{"line":88,"column":19}},"28":{"start":{"line":92,"column":4},"end":{"line":92,"column":42}},"29":{"start":{"line":94,"column":4},"end":{"line":94,"column":60}},"30":{"start":{"line":101,"column":20},"end":{"line":101,"column":57}},"31":{"start":{"line":103,"column":4},"end":{"line":106,"column":7}},"32":{"start":{"line":110,"column":4},"end":{"line":114,"column":20}},"33":{"start":{"line":118,"column":20},"end":{"line":118,"column":57}},"34":{"start":{"line":120,"column":24},"end":{"line":120,"column":51}},"35":{"start":{"line":122,"column":24},"end":{"line":132,"column":6}},"36":{"start":{"line":131,"column":6},"end":{"line":131,"column":65}},"37":{"start":{"line":134,"column":4},"end":{"line":134,"column":51}},"38":{"start":{"line":21,"column":13},"end":{"line":136,"column":null}},"39":{"start":{"line":26,"column":29},"end":{"line":26,"column":44}}},"fnMap":{"0":{"name":"(anonymous_4)","decl":{"start":{"line":22,"column":2},"end":{"line":22,"column":null}},"loc":{"start":{"line":29,"column":53},"end":{"line":30,"column":6}}},"1":{"name":"(anonymous_5)","decl":{"start":{"line":32,"column":2},"end":{"line":32,"column":7}},"loc":{"start":{"line":34,"column":29},"end":{"line":62,"column":3}}},"2":{"name":"(anonymous_6)","decl":{"start":{"line":64,"column":2},"end":{"line":64,"column":7}},"loc":{"start":{"line":64,"column":53},"end":{"line":75,"column":3}}},"3":{"name":"(anonymous_7)","decl":{"start":{"line":77,"column":2},"end":{"line":77,"column":7}},"loc":{"start":{"line":77,"column":41},"end":{"line":89,"column":3}}},"4":{"name":"(anonymous_8)","decl":{"start":{"line":91,"column":2},"end":{"line":91,"column":7}},"loc":{"start":{"line":91,"column":39},"end":{"line":95,"column":3}}},"5":{"name":"(anonymous_9)","decl":{"start":{"line":97,"column":2},"end":{"line":97,"column":7}},"loc":{"start":{"line":99,"column":21},"end":{"line":107,"column":3}}},"6":{"name":"(anonymous_10)","decl":{"start":{"line":109,"column":2},"end":{"line":109,"column":7}},"loc":{"start":{"line":109,"column":32},"end":{"line":115,"column":3}}},"7":{"name":"(anonymous_11)","decl":{"start":{"line":117,"column":2},"end":{"line":117,"column":7}},"loc":{"start":{"line":117,"column":56},"end":{"line":135,"column":3}}},"8":{"name":"(anonymous_12)","decl":{"start":{"line":130,"column":13},"end":{"line":130,"column":16}},"loc":{"start":{"line":130,"column":18},"end":{"line":132,"column":5}}},"9":{"name":"(anonymous_13)","decl":{"start":{"line":26,"column":23},"end":{"line":26,"column":26}},"loc":{"start":{"line":26,"column":29},"end":{"line":26,"column":44}}}},"branchMap":{"0":{"loc":{"start":{"line":38,"column":4},"end":{"line":44,"column":null}},"type":"if","locations":[{"start":{"line":38,"column":4},"end":{"line":44,"column":null}}]},"1":{"loc":{"start":{"line":38,"column":8},"end":{"line":38,"column":41}},"type":"binary-expr","locations":[{"start":{"line":38,"column":8},"end":{"line":38,"column":17}},{"start":{"line":38,"column":21},"end":{"line":38,"column":41}}]},"2":{"loc":{"start":{"line":46,"column":4},"end":{"line":53,"column":null}},"type":"if","locations":[{"start":{"line":46,"column":4},"end":{"line":53,"column":null}}]},"3":{"loc":{"start":{"line":57,"column":4},"end":{"line":59,"column":null}},"type":"if","locations":[{"start":{"line":57,"column":4},"end":{"line":59,"column":null}}]},"4":{"loc":{"start":{"line":57,"column":8},"end":{"line":57,"column":42}},"type":"binary-expr","locations":[{"start":{"line":57,"column":8},"end":{"line":57,"column":17}},{"start":{"line":57,"column":21},"end":{"line":57,"column":42}}]},"5":{"loc":{"start":{"line":69,"column":14},"end":{"line":69,"column":39}},"type":"binary-expr","locations":[{"start":{"line":69,"column":14},"end":{"line":69,"column":34}},{"start":{"line":69,"column":38},"end":{"line":69,"column":39}}]},"6":{"loc":{"start":{"line":70,"column":13},"end":{"line":70,"column":37}},"type":"binary-expr","locations":[{"start":{"line":70,"column":13},"end":{"line":70,"column":32}},{"start":{"line":70,"column":36},"end":{"line":70,"column":37}}]},"7":{"loc":{"start":{"line":71,"column":14},"end":{"line":71,"column":39}},"type":"binary-expr","locations":[{"start":{"line":71,"column":14},"end":{"line":71,"column":34}},{"start":{"line":71,"column":38},"end":{"line":71,"column":39}}]},"8":{"loc":{"start":{"line":72,"column":16},"end":{"line":72,"column":43}},"type":"binary-expr","locations":[{"start":{"line":72,"column":16},"end":{"line":72,"column":38}},{"start":{"line":72,"column":42},"end":{"line":72,"column":43}}]},"9":{"loc":{"start":{"line":73,"column":14},"end":{"line":73,"column":39}},"type":"binary-expr","locations":[{"start":{"line":73,"column":14},"end":{"line":73,"column":34}},{"start":{"line":73,"column":38},"end":{"line":73,"column":39}}]},"10":{"loc":{"start":{"line":84,"column":4},"end":{"line":86,"column":null}},"type":"if","locations":[{"start":{"line":84,"column":4},"end":{"line":86,"column":null}}]}},"s":{"0":9,"1":9,"2":9,"3":9,"4":9,"5":9,"6":9,"7":9,"8":9,"9":9,"10":13,"11":13,"12":13,"13":5,"14":5,"15":1,"16":5,"17":2,"18":5,"19":4,"20":1,"21":3,"22":2,"23":1,"24":5,"25":5,"26":1,"27":4,"28":1,"29":1,"30":2,"31":2,"32":0,"33":0,"34":0,"35":0,"36":0,"37":0,"38":9,"39":13},"f":{"0":13,"1":5,"2":2,"3":5,"4":1,"5":2,"6":0,"7":0,"8":0,"9":13},"b":{"0":[1],"1":[5,2],"2":[2],"3":[1],"4":[4,4],"5":[1,1],"6":[1,1],"7":[1,1],"8":[1,1],"9":[1,1],"10":[1]}}
,"/home/miguel/workspaces/vendas-online/backend/src/state/state.controller.ts": {"path":"/home/miguel/workspaces/vendas-online/backend/src/state/state.controller.ts","statementMap":{"0":{"start":{"line":1,"column":0},"end":{"line":1,"column":49}},"1":{"start":{"line":3,"column":0},"end":{"line":3,"column":47}},"2":{"start":{"line":6,"column":28},"end":{"line":13,"column":null}},"3":{"start":{"line":7,"column":31},"end":{"line":7,"column":45}},"4":{"start":{"line":11,"column":4},"end":{"line":11,"column":43}},"5":{"start":{"line":10,"column":8},"end":{"line":12,"column":null}},"6":{"start":{"line":6,"column":13},"end":{"line":13,"column":null}}},"fnMap":{"0":{"name":"(anonymous_2)","decl":{"start":{"line":7,"column":2},"end":{"line":7,"column":31}},"loc":{"start":{"line":7,"column":57},"end":{"line":7,"column":61}}},"1":{"name":"(anonymous_3)","decl":{"start":{"line":10,"column":2},"end":{"line":10,"column":7}},"loc":{"start":{"line":10,"column":19},"end":{"line":12,"column":3}}}},"branchMap":{},"s":{"0":1,"1":1,"2":1,"3":2,"4":1,"5":1,"6":1},"f":{"0":2,"1":1},"b":{}}
,"/home/miguel/workspaces/vendas-online/backend/src/state/state.service.ts": {"path":"/home/miguel/workspaces/vendas-online/backend/src/state/state.service.ts","statementMap":{"0":{"start":{"line":1,"column":0},"end":{"line":1,"column":44}},"1":{"start":{"line":2,"column":0},"end":{"line":2,"column":51}},"2":{"start":{"line":3,"column":0},"end":{"line":3,"column":37}},"3":{"start":{"line":4,"column":0},"end":{"line":4,"column":54}},"4":{"start":{"line":7,"column":25},"end":{"line":16,"column":null}},"5":{"start":{"line":10,"column":21},"end":{"line":10,"column":38}},"6":{"start":{"line":14,"column":4},"end":{"line":14,"column":39}},"7":{"start":{"line":7,"column":13},"end":{"line":16,"column":null}}},"fnMap":{"0":{"name":"(anonymous_4)","decl":{"start":{"line":8,"column":2},"end":{"line":8,"column":null}},"loc":{"start":{"line":10,"column":61},"end":{"line":11,"column":6}}},"1":{"name":"(anonymous_5)","decl":{"start":{"line":13,"column":2},"end":{"line":13,"column":7}},"loc":{"start":{"line":13,"column":19},"end":{"line":15,"column":3}}}},"branchMap":{},"s":{"0":2,"1":2,"2":2,"3":2,"4":2,"5":3,"6":2,"7":2},"f":{"0":3,"1":2},"b":{}}
,"/home/miguel/workspaces/vendas-online/backend/src/user/user.controller.ts": {"path":"/home/miguel/workspaces/vendas-online/backend/src/user/user.controller.ts","statementMap":{"0":{"start":{"line":1,"column":0},"end":{"line":1,"column":null}},"1":{"start":{"line":11,"column":0},"end":{"line":11,"column":54}},"2":{"start":{"line":12,"column":0},"end":{"line":12,"column":57}},"3":{"start":{"line":13,"column":0},"end":{"line":13,"column":54}},"4":{"start":{"line":14,"column":0},"end":{"line":14,"column":54}},"5":{"start":{"line":15,"column":0},"end":{"line":15,"column":62}},"6":{"start":{"line":17,"column":0},"end":{"line":17,"column":49}},"7":{"start":{"line":18,"column":0},"end":{"line":18,"column":45}},"8":{"start":{"line":21,"column":27},"end":{"line":69,"column":null}},"9":{"start":{"line":22,"column":31},"end":{"line":22,"column":44}},"10":{"start":{"line":27,"column":4},"end":{"line":27,"column":67}},"11":{"start":{"line":33,"column":4},"end":{"line":33,"column":51}},"12":{"start":{"line":39,"column":4},"end":{"line":41,"column":6}},"13":{"start":{"line":40,"column":22},"end":{"line":40,"column":51}},"14":{"start":{"line":47,"column":4},"end":{"line":49,"column":6}},"15":{"start":{"line":59,"column":4},"end":{"line":59,"column":74}},"16":{"start":{"line":65,"column":4},"end":{"line":67,"column":6}},"17":{"start":{"line":26,"column":8},"end":{"line":28,"column":null}},"18":{"start":{"line":32,"column":8},"end":{"line":34,"column":null}},"19":{"start":{"line":38,"column":8},"end":{"line":42,"column":null}},"20":{"start":{"line":46,"column":8},"end":{"line":50,"column":null}},"21":{"start":{"line":55,"column":8},"end":{"line":60,"column":null}},"22":{"start":{"line":64,"column":8},"end":{"line":68,"column":null}},"23":{"start":{"line":21,"column":13},"end":{"line":69,"column":null}}},"fnMap":{"0":{"name":"(anonymous_4)","decl":{"start":{"line":22,"column":2},"end":{"line":22,"column":31}},"loc":{"start":{"line":22,"column":55},"end":{"line":22,"column":59}}},"1":{"name":"(anonymous_5)","decl":{"start":{"line":26,"column":2},"end":{"line":26,"column":7}},"loc":{"start":{"line":26,"column":53},"end":{"line":28,"column":3}}},"2":{"name":"(anonymous_6)","decl":{"start":{"line":32,"column":2},"end":{"line":32,"column":7}},"loc":{"start":{"line":32,"column":52},"end":{"line":34,"column":3}}},"3":{"name":"(anonymous_7)","decl":{"start":{"line":38,"column":2},"end":{"line":38,"column":7}},"loc":{"start":{"line":38,"column":18},"end":{"line":42,"column":3}}},"4":{"name":"(anonymous_8)","decl":{"start":{"line":40,"column":6},"end":{"line":40,"column":7}},"loc":{"start":{"line":40,"column":22},"end":{"line":40,"column":51}}},"5":{"name":"(anonymous_9)","decl":{"start":{"line":46,"column":2},"end":{"line":46,"column":7}},"loc":{"start":{"line":46,"column":51},"end":{"line":50,"column":3}}},"6":{"name":"(anonymous_10)","decl":{"start":{"line":55,"column":2},"end":{"line":55,"column":7}},"loc":{"start":{"line":57,"column":28},"end":{"line":60,"column":3}}},"7":{"name":"(anonymous_11)","decl":{"start":{"line":64,"column":2},"end":{"line":64,"column":7}},"loc":{"start":{"line":64,"column":44},"end":{"line":68,"column":3}}}},"branchMap":{},"s":{"0":1,"1":1,"2":1,"3":1,"4":1,"5":1,"6":1,"7":1,"8":1,"9":7,"10":1,"11":1,"12":1,"13":1,"14":1,"15":1,"16":1,"17":1,"18":1,"19":1,"20":1,"21":1,"22":1,"23":1},"f":{"0":7,"1":1,"2":1,"3":1,"4":1,"5":1,"6":1,"7":1},"b":{}}
,"/home/miguel/workspaces/vendas-online/backend/src/user/user.service.ts": {"path":"/home/miguel/workspaces/vendas-online/backend/src/user/user.service.ts","statementMap":{"0":{"start":{"line":1,"column":0},"end":{"line":1,"column":null}},"1":{"start":{"line":7,"column":0},"end":{"line":7,"column":51}},"2":{"start":{"line":8,"column":0},"end":{"line":8,"column":75}},"3":{"start":{"line":9,"column":0},"end":{"line":9,"column":37}},"4":{"start":{"line":12,"column":0},"end":{"line":12,"column":52}},"5":{"start":{"line":13,"column":0},"end":{"line":13,"column":49}},"6":{"start":{"line":16,"column":24},"end":{"line":113,"column":null}},"7":{"start":{"line":19,"column":21},"end":{"line":19,"column":37}},"8":{"start":{"line":26,"column":17},"end":{"line":27,"column":null}},"9":{"start":{"line":27,"column":12},"end":{"line":27,"column":21}},"10":{"start":{"line":30,"column":4},"end":{"line":32,"column":null}},"11":{"start":{"line":31,"column":6},"end":{"line":31,"column":66}},"12":{"start":{"line":33,"column":27},"end":{"line":33,"column":77}},"13":{"start":{"line":35,"column":4},"end":{"line":39,"column":7}},"14":{"start":{"line":43,"column":4},"end":{"line":54,"column":7}},"15":{"start":{"line":58,"column":4},"end":{"line":58,"column":38}},"16":{"start":{"line":62,"column":17},"end":{"line":66,"column":6}},"17":{"start":{"line":68,"column":4},"end":{"line":70,"column":null}},"18":{"start":{"line":69,"column":6},"end":{"line":69,"column":65}},"19":{"start":{"line":72,"column":4},"end":{"line":72,"column":16}},"20":{"start":{"line":76,"column":17},"end":{"line":80,"column":6}},"21":{"start":{"line":82,"column":4},"end":{"line":84,"column":null}},"22":{"start":{"line":83,"column":6},"end":{"line":83,"column":63}},"23":{"start":{"line":86,"column":4},"end":{"line":86,"column":16}},"24":{"start":{"line":93,"column":17},"end":{"line":93,"column":48}},"25":{"start":{"line":95,"column":27},"end":{"line":96,"column":null}},"26":{"start":{"line":99,"column":20},"end":{"line":101,"column":null}},"27":{"start":{"line":104,"column":4},"end":{"line":106,"column":null}},"28":{"start":{"line":105,"column":6},"end":{"line":105,"column":61}},"29":{"start":{"line":108,"column":4},"end":{"line":111,"column":7}},"30":{"start":{"line":16,"column":13},"end":{"line":113,"column":null}}},"fnMap":{"0":{"name":"(anonymous_4)","decl":{"start":{"line":17,"column":2},"end":{"line":17,"column":null}},"loc":{"start":{"line":19,"column":59},"end":{"line":20,"column":6}}},"1":{"name":"(anonymous_5)","decl":{"start":{"line":22,"column":2},"end":{"line":22,"column":7}},"loc":{"start":{"line":24,"column":21},"end":{"line":40,"column":3}}},"2":{"name":"(anonymous_6)","decl":{"start":{"line":27,"column":6},"end":{"line":27,"column":9}},"loc":{"start":{"line":27,"column":12},"end":{"line":27,"column":21}}},"3":{"name":"(anonymous_7)","decl":{"start":{"line":42,"column":2},"end":{"line":42,"column":7}},"loc":{"start":{"line":42,"column":48},"end":{"line":55,"column":3}}},"4":{"name":"(anonymous_8)","decl":{"start":{"line":57,"column":2},"end":{"line":57,"column":7}},"loc":{"start":{"line":57,"column":18},"end":{"line":59,"column":3}}},"5":{"name":"(anonymous_9)","decl":{"start":{"line":61,"column":2},"end":{"line":61,"column":7}},"loc":{"start":{"line":61,"column":35},"end":{"line":73,"column":3}}},"6":{"name":"(anonymous_10)","decl":{"start":{"line":75,"column":2},"end":{"line":75,"column":7}},"loc":{"start":{"line":75,"column":37},"end":{"line":87,"column":3}}},"7":{"name":"(anonymous_11)","decl":{"start":{"line":89,"column":2},"end":{"line":89,"column":7}},"loc":{"start":{"line":91,"column":18},"end":{"line":112,"column":3}}}},"branchMap":{"0":{"loc":{"start":{"line":30,"column":4},"end":{"line":32,"column":null}},"type":"if","locations":[{"start":{"line":30,"column":4},"end":{"line":32,"column":null}}]},"1":{"loc":{"start":{"line":37,"column":16},"end":{"line":37,"column":51}},"type":"cond-expr","locations":[{"start":{"line":37,"column":27},"end":{"line":37,"column":35}},{"start":{"line":37,"column":38},"end":{"line":37,"column":51}}]},"2":{"loc":{"start":{"line":68,"column":4},"end":{"line":70,"column":null}},"type":"if","locations":[{"start":{"line":68,"column":4},"end":{"line":70,"column":null}}]},"3":{"loc":{"start":{"line":82,"column":4},"end":{"line":84,"column":null}},"type":"if","locations":[{"start":{"line":82,"column":4},"end":{"line":84,"column":null}}]},"4":{"loc":{"start":{"line":101,"column":6},"end":{"line":101,"column":25}},"type":"binary-expr","locations":[{"start":{"line":101,"column":6},"end":{"line":101,"column":19}},{"start":{"line":101,"column":23},"end":{"line":101,"column":25}}]},"5":{"loc":{"start":{"line":104,"column":4},"end":{"line":106,"column":null}},"type":"if","locations":[{"start":{"line":104,"column":4},"end":{"line":106,"column":null}}]}},"s":{"0":6,"1":6,"2":6,"3":6,"4":6,"5":6,"6":6,"7":14,"8":3,"9":2,"10":3,"11":1,"12":2,"13":2,"14":1,"15":0,"16":5,"17":4,"18":1,"19":3,"20":7,"21":6,"22":4,"23":2,"24":3,"25":2,"26":1,"27":1,"28":0,"29":1,"30":6},"f":{"0":14,"1":3,"2":2,"3":1,"4":0,"5":5,"6":7,"7":3},"b":{"0":[1],"1":[1,1],"2":[1],"3":[4],"4":[1,0],"5":[0]}}
,"/home/miguel/workspaces/vendas-online/backend/src/user/enum/user-type.enum.ts": {"path":"/home/miguel/workspaces/vendas-online/backend/src/user/enum/user-type.enum.ts","statementMap":{"0":{"start":{"line":1,"column":0},"end":{"line":1,"column":null}},"1":{"start":{"line":2,"column":2},"end":{"line":2,"column":null}},"2":{"start":{"line":3,"column":2},"end":{"line":3,"column":null}},"3":{"start":{"line":4,"column":2},"end":{"line":4,"column":null}}},"fnMap":{"0":{"name":"(anonymous_0)","decl":{"start":{"line":1,"column":0},"end":{"line":1,"column":12}},"loc":{"start":{"line":1,"column":20},"end":{"line":5,"column":1}}}},"branchMap":{"0":{"loc":{"start":{"line":1,"column":12},"end":{"line":1,"column":null}},"type":"binary-expr","locations":[{"start":{"line":1,"column":12},"end":{"line":1,"column":20}},{"start":{"line":1,"column":20},"end":{"line":1,"column":null}}]}},"s":{"0":16,"1":16,"2":16,"3":16},"f":{"0":16},"b":{"0":[16,16]}}
,"/home/miguel/workspaces/vendas-online/backend/src/utils/base-64-converter.ts": {"path":"/home/miguel/workspaces/vendas-online/backend/src/utils/base-64-converter.ts","statementMap":{"0":{"start":{"line":3,"column":44},"end":{"line":15,"column":1}},"1":{"start":{"line":6,"column":31},"end":{"line":6,"column":55}},"2":{"start":{"line":8,"column":2},"end":{"line":10,"column":null}},"3":{"start":{"line":9,"column":4},"end":{"line":9,"column":21}},"4":{"start":{"line":12,"column":2},"end":{"line":14,"column":4}},"5":{"start":{"line":3,"column":13},"end":{"line":3,"column":44}}},"fnMap":{"0":{"name":"(anonymous_0)","decl":{"start":{"line":3,"column":44},"end":{"line":3,"column":null}},"loc":{"start":{"line":5,"column":30},"end":{"line":15,"column":1}}}},"branchMap":{"0":{"loc":{"start":{"line":8,"column":2},"end":{"line":10,"column":null}},"type":"if","locations":[{"start":{"line":8,"column":2},"end":{"line":10,"column":null}}]},"1":{"loc":{"start":{"line":8,"column":6},"end":{"line":8,"column":65}},"type":"binary-expr","locations":[{"start":{"line":8,"column":6},"end":{"line":8,"column":37}},{"start":{"line":8,"column":41},"end":{"line":8,"column":65}}]}},"s":{"0":4,"1":0,"2":0,"3":0,"4":0,"5":4},"f":{"0":0},"b":{"0":[0],"1":[0,0]}}
,"/home/miguel/workspaces/vendas-online/backend/src/utils/password.ts": {"path":"/home/miguel/workspaces/vendas-online/backend/src/utils/password.ts","statementMap":{"0":{"start":{"line":1,"column":0},"end":{"line":1,"column":39}},"1":{"start":{"line":3,"column":36},"end":{"line":9,"column":1}},"2":{"start":{"line":6,"column":23},"end":{"line":6,"column":25}},"3":{"start":{"line":8,"column":2},"end":{"line":8,"column":38}},"4":{"start":{"line":3,"column":13},"end":{"line":3,"column":36}},"5":{"start":{"line":11,"column":32},"end":{"line":16,"column":1}},"6":{"start":{"line":15,"column":2},"end":{"line":15,"column":43}},"7":{"start":{"line":11,"column":13},"end":{"line":11,"column":32}}},"fnMap":{"0":{"name":"(anonymous_0)","decl":{"start":{"line":3,"column":36},"end":{"line":3,"column":41}},"loc":{"start":{"line":5,"column":21},"end":{"line":9,"column":1}}},"1":{"name":"(anonymous_1)","decl":{"start":{"line":11,"column":32},"end":{"line":11,"column":37}},"loc":{"start":{"line":14,"column":22},"end":{"line":16,"column":1}}}},"branchMap":{},"s":{"0":6,"1":6,"2":4,"3":4,"4":6,"5":6,"6":5,"7":6},"f":{"0":4,"1":5},"b":{}}
}
