TN:
SF:src/address/address.controller.ts
FN:20,(anonymous_4)
FN:24,(anonymous_5)
FN:32,(anonymous_6)
FN:36,(anonymous_7)
FNF:4
FNH:4
FNDA:3,(anonymous_4)
FNDA:1,(anonymous_5)
FNDA:1,(anonymous_6)
FNDA:1,(anonymous_7)
DA:1,1
DA:9,1
DA:10,1
DA:11,1
DA:12,1
DA:13,1
DA:14,1
DA:19,1
DA:20,3
DA:24,1
DA:28,1
DA:32,1
DA:35,1
DA:36,1
LF:14
LH:14
BRF:0
BRH:0
end_of_record
TN:
SF:src/address/address.service.ts
FN:11,(anonymous_4)
FN:18,(anonymous_5)
FN:31,(anonymous_6)
FNF:3
FNH:3
FNDA:6,(anonymous_4)
FNDA:3,(anonymous_5)
FNDA:2,(anonymous_6)
DA:1,2
DA:2,2
DA:3,2
DA:4,2
DA:5,2
DA:7,2
DA:10,2
DA:13,6
DA:14,6
DA:15,6
DA:22,3
DA:23,2
DA:25,1
DA:32,2
DA:43,2
DA:44,1
DA:47,1
LF:17
LH:17
BRDA:43,0,0,1
BRDA:43,1,0,2
BRDA:43,1,1,1
BRF:3
BRH:3
end_of_record
TN:
SF:src/auth/auth.controller.ts
FN:14,(anonymous_4)
FN:18,(anonymous_5)
FNF:2
FNH:2
FNDA:2,(anonymous_4)
FNDA:1,(anonymous_5)
DA:1,1
DA:8,1
DA:9,1
DA:13,1
DA:14,2
DA:18,1
DA:19,1
LF:7
LH:7
BRF:0
BRH:0
end_of_record
TN:
SF:src/auth/auth.service.ts
FN:13,(anonymous_2)
FN:18,(anonymous_3)
FN:21,(anonymous_4)
FNF:3
FNH:3
FNDA:5,(anonymous_2)
FNDA:4,(anonymous_3)
FNDA:1,(anonymous_4)
DA:1,2
DA:2,2
DA:3,2
DA:4,2
DA:6,2
DA:8,2
DA:12,2
DA:14,5
DA:15,5
DA:19,4
DA:21,1
DA:23,4
DA:28,1
DA:29,0
DA:32,1
LF:15
LH:14
BRDA:25,0,0,4
BRDA:25,0,1,2
BRDA:28,1,0,0
BRDA:28,2,0,1
BRDA:28,2,1,1
BRF:5
BRH:4
end_of_record
TN:
SF:src/cache/cache.service.ts
FN:7,(anonymous_4)
FN:9,(anonymous_5)
FNF:2
FNH:2
FNDA:3,(anonymous_4)
FNDA:2,(anonymous_5)
DA:1,16
DA:2,16
DA:6,16
DA:7,3
DA:13,2
DA:15,2
DA:16,1
DA:19,1
DA:21,1
DA:23,1
LF:10
LH:10
BRDA:15,0,0,1
BRF:1
BRH:1
end_of_record
TN:
SF:src/cart/cart.controller.ts
FN:24,(anonymous_4)
FN:28,(anonymous_5)
FN:38,(anonymous_6)
FN:45,(anonymous_7)
FN:50,(anonymous_8)
FN:59,(anonymous_9)
FNF:6
FNH:5
FNDA:5,(anonymous_4)
FNDA:1,(anonymous_5)
FNDA:1,(anonymous_6)
FNDA:1,(anonymous_7)
FNDA:0,(anonymous_8)
FNDA:1,(anonymous_9)
DA:1,1
DA:12,1
DA:13,1
DA:14,1
DA:16,1
DA:17,1
DA:18,1
DA:19,1
DA:23,1
DA:24,5
DA:28,1
DA:32,1
DA:38,1
DA:39,1
DA:45,1
DA:46,1
DA:50,1
DA:54,0
DA:59,1
DA:63,1
LF:20
LH:19
BRF:0
BRH:0
end_of_record
TN:
SF:src/cart/cart.service.ts
FN:13,(anonymous_4)
FN:19,(anonymous_5)
FN:33,(anonymous_6)
FN:60,(anonymous_7)
FN:67,(anonymous_8)
FN:71,(anonymous_9)
FN:80,(anonymous_10)
FN:89,(anonymous_11)
FN:93,(anonymous_12)
FNF:9
FNH:9
FNDA:15,(anonymous_4)
FNDA:2,(anonymous_5)
FNDA:13,(anonymous_6)
FNDA:3,(anonymous_7)
FNDA:2,(anonymous_8)
FNDA:1,(anonymous_9)
FNDA:4,(anonymous_10)
FNDA:2,(anonymous_11)
FNDA:1,(anonymous_12)
DA:1,4
DA:2,4
DA:3,4
DA:4,4
DA:7,4
DA:9,4
DA:12,4
DA:15,15
DA:16,15
DA:20,2
DA:22,1
DA:27,1
DA:37,13
DA:45,13
DA:53,12
DA:54,5
DA:57,7
DA:61,3
DA:71,2
DA:72,1
DA:75,2
DA:77,2
DA:84,4
DA:86,2
DA:93,2
DA:94,1
DA:97,2
DA:99,2
LF:28
LH:28
BRDA:37,0,0,1
BRDA:37,0,1,12
BRDA:53,1,0,5
BRF:3
BRH:3
end_of_record
TN:
SF:src/cart-product/cart-product.service.ts
FN:12,(anonymous_4)
FN:18,(anonymous_5)
FN:36,(anonymous_6)
FN:47,(anonymous_7)
FN:56,(anonymous_8)
FN:68,(anonymous_9)
FN:85,(anonymous_10)
FNF:7
FNH:7
FNDA:15,(anonymous_4)
FNDA:8,(anonymous_5)
FNDA:3,(anonymous_6)
FNDA:3,(anonymous_7)
FNDA:1,(anonymous_8)
FNDA:3,(anonymous_9)
FNDA:2,(anonymous_10)
DA:1,5
DA:2,5
DA:6,5
DA:7,5
DA:8,5
DA:11,5
DA:14,15
DA:15,15
DA:22,8
DA:29,6
DA:30,3
DA:33,3
DA:40,3
DA:51,3
DA:53,2
DA:56,1
DA:58,2
DA:59,1
DA:62,1
DA:72,3
DA:74,2
DA:79,1
DA:89,2
LF:23
LH:23
BRDA:29,0,0,3
BRDA:58,1,0,1
BRF:2
BRH:2
end_of_record
TN:
SF:src/category/category.controller.ts
FN:19,(anonymous_4)
FN:22,(anonymous_5)
FN:29,(anonymous_6)
FNF:3
FNH:3
FNDA:3,(anonymous_4)
FNDA:1,(anonymous_5)
FNDA:1,(anonymous_6)
DA:1,1
DA:9,1
DA:10,1
DA:11,1
DA:12,1
DA:18,1
DA:19,3
DA:22,1
DA:23,1
DA:29,1
DA:32,1
LF:11
LH:11
BRF:0
BRH:0
end_of_record
TN:
SF:src/category/category.service.ts
FN:18,(anonymous_4)
FN:26,(anonymous_5)
FN:31,(anonymous_6)
FN:41,(anonymous_7)
FN:51,(anonymous_8)
FN:59,(anonymous_9)
FN:73,(anonymous_10)
FN:87,(anonymous_11)
FN:91,(anonymous_12)
FN:22,(anonymous_13)
FNF:10
FNH:10
FNDA:11,(anonymous_4)
FNDA:1,(anonymous_5)
FNDA:1,(anonymous_6)
FNDA:3,(anonymous_7)
FNDA:1,(anonymous_8)
FNDA:2,(anonymous_9)
FNDA:5,(anonymous_10)
FNDA:3,(anonymous_11)
FNDA:1,(anonymous_12)
FNDA:11,(anonymous_13)
DA:1,9
DA:8,9
DA:10,9
DA:11,9
DA:13,9
DA:14,9
DA:17,9
DA:20,11
DA:22,11
DA:23,11
DA:30,1
DA:31,1
DA:34,1
DA:35,1
DA:38,0
DA:42,3
DA:44,2
DA:46,2
DA:47,1
DA:50,1
DA:52,1
DA:60,2
DA:66,2
DA:67,1
DA:70,1
DA:74,5
DA:80,5
DA:81,2
DA:84,3
DA:90,3
DA:91,1
DA:94,3
DA:95,2
DA:100,1
LF:34
LH:33
BRDA:34,0,0,1
BRDA:46,1,0,1
BRDA:46,2,0,2
BRDA:46,2,1,2
BRDA:66,3,0,1
BRDA:80,4,0,2
BRDA:94,5,0,2
BRF:7
BRH:7
end_of_record
TN:
SF:src/city/city.controller.ts
FN:7,(anonymous_4)
FN:10,(anonymous_5)
FNF:2
FNH:2
FNDA:2,(anonymous_4)
FNDA:1,(anonymous_5)
DA:1,1
DA:2,1
DA:6,1
DA:7,2
DA:10,1
DA:13,1
LF:6
LH:6
BRF:0
BRH:0
end_of_record
TN:
SF:src/city/city.service.ts
FN:9,(anonymous_4)
FN:16,(anonymous_5)
FN:17,(anonymous_6)
FN:26,(anonymous_7)
FN:40,(anonymous_8)
FNF:5
FNH:3
FNDA:4,(anonymous_4)
FNDA:1,(anonymous_5)
FNDA:0,(anonymous_6)
FNDA:2,(anonymous_7)
FNDA:0,(anonymous_8)
DA:1,15
DA:2,15
DA:3,15
DA:4,15
DA:5,15
DA:8,15
DA:11,4
DA:13,4
DA:17,1
DA:18,0
DA:27,2
DA:33,2
DA:34,1
DA:37,1
DA:44,0
DA:56,0
DA:57,0
DA:60,0
LF:18
LH:13
BRDA:33,0,0,1
BRDA:56,1,0,0
BRF:2
BRH:1
end_of_record
TN:
SF:src/correios/correios.controller.ts
FN:7,(anonymous_4)
FN:10,(anonymous_5)
FNF:2
FNH:1
FNDA:1,(anonymous_4)
FNDA:0,(anonymous_5)
DA:1,1
DA:2,1
DA:6,1
DA:7,1
DA:10,1
DA:11,0
LF:6
LH:5
BRF:0
BRH:0
end_of_record
TN:
SF:src/correios/correios.service.ts
FN:22,(anonymous_4)
FN:28,(anonymous_5)
FN:31,(anonymous_6)
FN:37,(anonymous_7)
FN:45,(anonymous_8)
FN:50,(anonymous_9)
FN:55,(anonymous_10)
FN:74,(anonymous_11)
FNF:8
FNH:1
FNDA:1,(anonymous_4)
FNDA:0,(anonymous_5)
FNDA:0,(anonymous_6)
FNDA:0,(anonymous_7)
FNDA:0,(anonymous_8)
FNDA:0,(anonymous_9)
FNDA:0,(anonymous_10)
FNDA:0,(anonymous_11)
DA:1,11
DA:2,11
DA:9,11
DA:12,11
DA:13,11
DA:15,11
DA:19,11
DA:20,1
DA:21,1
DA:23,1
DA:24,1
DA:25,1
DA:29,0
DA:32,0
DA:33,0
DA:35,0
DA:38,0
DA:43,0
DA:45,0
DA:47,0
DA:55,0
DA:56,0
DA:75,0
DA:76,0
DA:78,0
LF:25
LH:12
BRDA:32,0,0,0
BRDA:71,1,0,0
BRDA:71,1,1,0
BRDA:75,2,0,0
BRDA:75,2,1,0
BRF:5
BRH:0
end_of_record
TN:
SF:src/correios/enums/cd-format.enum.ts
FN:1,(anonymous_0)
FNF:1
FNH:1
FNDA:11,(anonymous_0)
DA:1,11
DA:2,11
LF:2
LH:2
BRDA:1,0,0,11
BRDA:1,0,1,11
BRF:2
BRH:2
end_of_record
TN:
SF:src/correios/enums/cd-service.enum.ts
FN:1,(anonymous_0)
FNF:1
FNH:1
FNDA:9,(anonymous_0)
DA:1,9
DA:2,9
DA:3,9
DA:4,9
LF:4
LH:4
BRDA:1,0,0,9
BRDA:1,0,1,9
BRF:2
BRH:2
end_of_record
TN:
SF:src/order/order.controller.ts
FN:21,(anonymous_4)
FN:25,(anonymous_5)
FN:33,(anonymous_6)
FN:39,(anonymous_7)
FN:41,(anonymous_8)
FN:47,(anonymous_9)
FNF:6
FNH:5
FNDA:4,(anonymous_4)
FNDA:0,(anonymous_5)
FNDA:1,(anonymous_6)
FNDA:1,(anonymous_7)
FNDA:1,(anonymous_8)
FNDA:1,(anonymous_9)
DA:1,1
DA:10,1
DA:11,1
DA:12,1
DA:13,1
DA:15,1
DA:16,1
DA:20,1
DA:21,4
DA:25,1
DA:29,0
DA:33,1
DA:34,1
DA:39,1
DA:40,1
DA:41,1
DA:47,1
DA:50,1
LF:18
LH:17
BRF:0
BRH:0
end_of_record
TN:
SF:src/order/order.service.ts
FN:17,(anonymous_4)
FN:26,(anonymous_5)
FN:39,(anonymous_6)
FN:45,(anonymous_7)
FN:49,(anonymous_8)
FN:57,(anonymous_9)
FN:63,(anonymous_10)
FN:81,(anonymous_11)
FN:113,(anonymous_12)
FN:126,(anonymous_13)
FN:129,(anonymous_14)
FN:131,(anonymous_15)
FNF:12
FNH:11
FNDA:9,(anonymous_4)
FNDA:3,(anonymous_5)
FNDA:2,(anonymous_6)
FNDA:3,(anonymous_7)
FNDA:3,(anonymous_8)
FNDA:1,(anonymous_9)
FNDA:1,(anonymous_10)
FNDA:2,(anonymous_11)
FNDA:2,(anonymous_12)
FNDA:1,(anonymous_13)
FNDA:1,(anonymous_14)
FNDA:0,(anonymous_15)
DA:1,2
DA:2,2
DA:3,2
DA:6,2
DA:8,2
DA:10,2
DA:11,2
DA:13,2
DA:16,2
DA:19,9
DA:20,9
DA:21,9
DA:22,9
DA:23,9
DA:31,3
DA:44,2
DA:46,3
DA:49,3
DA:61,1
DA:62,1
DA:63,1
DA:66,1
DA:72,1
DA:74,1
DA:76,1
DA:78,1
DA:85,2
DA:106,2
DA:107,1
DA:110,1
DA:114,2
DA:120,2
DA:121,1
DA:125,1
DA:126,1
DA:129,1
DA:130,1
DA:131,0
DA:134,1
DA:135,0
DA:140,1
LF:41
LH:39
BRDA:49,0,0,3
BRDA:49,0,1,0
BRDA:106,1,0,1
BRDA:106,2,0,2
BRDA:106,2,1,2
BRDA:120,3,0,1
BRDA:120,4,0,2
BRDA:120,4,1,2
BRDA:134,5,0,0
BRF:9
BRH:7
end_of_record
TN:
SF:src/order-product/order-product.service.ts
FN:9,(anonymous_4)
FN:14,(anonymous_5)
FN:28,(anonymous_6)
FNF:3
FNH:2
FNDA:3,(anonymous_4)
FNDA:2,(anonymous_5)
FNDA:0,(anonymous_6)
DA:1,3
DA:2,3
DA:3,3
DA:5,3
DA:8,3
DA:11,3
DA:20,2
DA:31,0
LF:8
LH:7
BRF:0
BRH:0
end_of_record
TN:
SF:src/payment/payment.service.ts
FN:15,(anonymous_4)
FN:20,(anonymous_5)
FN:27,(anonymous_6)
FN:29,(anonymous_7)
FN:37,(anonymous_8)
FN:42,(anonymous_9)
FNF:6
FNH:6
FNDA:7,(anonymous_4)
FNDA:6,(anonymous_5)
FNDA:2,(anonymous_6)
FNDA:2,(anonymous_7)
FNDA:2,(anonymous_8)
FNDA:6,(anonymous_9)
DA:1,3
DA:2,3
DA:6,3
DA:8,3
DA:9,3
DA:10,3
DA:11,3
DA:14,3
DA:17,7
DA:21,6
DA:22,4
DA:25,2
DA:28,2
DA:29,2
DA:31,2
DA:32,2
DA:35,0
DA:37,2
DA:47,6
DA:49,6
DA:50,4
DA:57,4
DA:58,2
DA:59,1
DA:66,1
DA:69,1
LF:26
LH:25
BRDA:21,0,0,4
BRDA:21,1,0,6
BRDA:21,1,1,2
BRDA:31,2,0,2
BRDA:49,3,0,4
BRDA:49,3,1,2
BRDA:58,4,0,1
BRDA:58,5,0,2
BRDA:58,5,1,1
BRF:9
BRH:9
end_of_record
TN:
SF:src/payment-status/payment-status.service.ts
FNF:0
FNH:0
DA:1,1
DA:4,1
LF:2
LH:2
BRF:0
BRH:0
end_of_record
TN:
SF:src/payment-status/enums/payment-type.enum.ts
FN:1,(anonymous_0)
FNF:1
FNH:1
FNDA:4,(anonymous_0)
DA:1,4
DA:2,4
LF:2
LH:2
BRDA:1,0,0,4
BRDA:1,0,1,4
BRF:2
BRH:2
end_of_record
TN:
SF:src/product/product.controller.ts
FN:24,(anonymous_4)
FN:28,(anonymous_5)
FN:30,(anonymous_6)
FN:37,(anonymous_7)
FN:45,(anonymous_8)
FN:54,(anonymous_9)
FN:62,(anonymous_10)
FNF:7
FNH:6
FNDA:5,(anonymous_4)
FNDA:1,(anonymous_5)
FNDA:1,(anonymous_6)
FNDA:1,(anonymous_7)
FNDA:1,(anonymous_8)
FNDA:1,(anonymous_9)
FNDA:0,(anonymous_10)
DA:1,1
DA:13,1
DA:14,1
DA:15,1
DA:18,1
DA:19,1
DA:20,1
DA:23,1
DA:24,5
DA:28,1
DA:29,1
DA:30,1
DA:37,1
DA:40,1
DA:45,1
DA:48,1
DA:54,1
DA:58,1
DA:62,1
DA:66,0
LF:20
LH:19
BRF:0
BRH:0
end_of_record
TN:
SF:src/product/product.service.ts
FN:22,(anonymous_4)
FN:32,(anonymous_5)
FN:64,(anonymous_6)
FN:77,(anonymous_7)
FN:91,(anonymous_8)
FN:97,(anonymous_9)
FN:109,(anonymous_10)
FN:117,(anonymous_11)
FN:130,(anonymous_12)
FN:26,(anonymous_13)
FNF:10
FNH:7
FNDA:13,(anonymous_4)
FNDA:5,(anonymous_5)
FNDA:2,(anonymous_6)
FNDA:5,(anonymous_7)
FNDA:1,(anonymous_8)
FNDA:2,(anonymous_9)
FNDA:0,(anonymous_10)
FNDA:0,(anonymous_11)
FNDA:0,(anonymous_12)
FNDA:13,(anonymous_13)
DA:1,9
DA:8,9
DA:9,9
DA:10,9
DA:12,9
DA:15,9
DA:16,9
DA:17,9
DA:18,9
DA:21,9
DA:24,13
DA:26,13
DA:27,13
DA:29,13
DA:36,5
DA:38,5
DA:39,1
DA:46,5
DA:47,2
DA:55,5
DA:57,4
DA:58,1
DA:61,3
DA:65,2
DA:67,1
DA:78,5
DA:84,5
DA:85,1
DA:88,4
DA:92,1
DA:94,1
DA:101,2
DA:103,2
DA:110,0
DA:118,0
DA:120,0
DA:122,0
DA:131,0
DA:134,0
LF:39
LH:33
BRDA:38,0,0,1
BRDA:38,1,0,5
BRDA:38,1,1,2
BRDA:46,2,0,2
BRDA:57,3,0,1
BRDA:57,4,0,4
BRDA:57,4,1,4
BRDA:69,5,0,1
BRDA:69,5,1,1
BRDA:70,6,0,1
BRDA:70,6,1,1
BRDA:71,7,0,1
BRDA:71,7,1,1
BRDA:72,8,0,1
BRDA:72,8,1,1
BRDA:73,9,0,1
BRDA:73,9,1,1
BRDA:84,10,0,1
BRF:18
BRH:18
end_of_record
TN:
SF:src/state/state.controller.ts
FN:7,(anonymous_2)
FN:10,(anonymous_3)
FNF:2
FNH:2
FNDA:2,(anonymous_2)
FNDA:1,(anonymous_3)
DA:1,1
DA:3,1
DA:6,1
DA:7,2
DA:10,1
DA:11,1
LF:6
LH:6
BRF:0
BRH:0
end_of_record
TN:
SF:src/state/state.service.ts
FN:8,(anonymous_4)
FN:13,(anonymous_5)
FNF:2
FNH:2
FNDA:3,(anonymous_4)
FNDA:2,(anonymous_5)
DA:1,2
DA:2,2
DA:3,2
DA:4,2
DA:7,2
DA:10,3
DA:14,2
LF:7
LH:7
BRF:0
BRH:0
end_of_record
TN:
SF:src/user/user.controller.ts
FN:22,(anonymous_4)
FN:26,(anonymous_5)
FN:32,(anonymous_6)
FN:38,(anonymous_7)
FN:40,(anonymous_8)
FN:46,(anonymous_9)
FN:55,(anonymous_10)
FN:64,(anonymous_11)
FNF:8
FNH:8
FNDA:7,(anonymous_4)
FNDA:1,(anonymous_5)
FNDA:1,(anonymous_6)
FNDA:1,(anonymous_7)
FNDA:1,(anonymous_8)
FNDA:1,(anonymous_9)
FNDA:1,(anonymous_10)
FNDA:1,(anonymous_11)
DA:1,1
DA:11,1
DA:12,1
DA:13,1
DA:14,1
DA:15,1
DA:17,1
DA:18,1
DA:21,1
DA:22,7
DA:26,1
DA:27,1
DA:32,1
DA:33,1
DA:38,1
DA:39,1
DA:40,1
DA:46,1
DA:47,1
DA:55,1
DA:59,1
DA:64,1
DA:65,1
LF:23
LH:23
BRF:0
BRH:0
end_of_record
TN:
SF:src/user/user.service.ts
FN:17,(anonymous_4)
FN:22,(anonymous_5)
FN:27,(anonymous_6)
FN:42,(anonymous_7)
FN:57,(anonymous_8)
FN:61,(anonymous_9)
FN:75,(anonymous_10)
FN:89,(anonymous_11)
FNF:8
FNH:7
FNDA:14,(anonymous_4)
FNDA:3,(anonymous_5)
FNDA:2,(anonymous_6)
FNDA:1,(anonymous_7)
FNDA:0,(anonymous_8)
FNDA:5,(anonymous_9)
FNDA:7,(anonymous_10)
FNDA:3,(anonymous_11)
DA:1,6
DA:7,6
DA:8,6
DA:9,6
DA:12,6
DA:13,6
DA:16,6
DA:19,14
DA:26,3
DA:27,2
DA:30,3
DA:31,1
DA:33,2
DA:35,2
DA:43,1
DA:58,0
DA:62,5
DA:68,4
DA:69,1
DA:72,3
DA:76,7
DA:82,6
DA:83,4
DA:86,2
DA:93,3
DA:95,2
DA:99,1
DA:104,1
DA:105,0
DA:108,1
LF:30
LH:28
BRDA:30,0,0,1
BRDA:37,1,0,1
BRDA:37,1,1,1
BRDA:68,2,0,1
BRDA:82,3,0,4
BRDA:101,4,0,1
BRDA:101,4,1,0
BRDA:104,5,0,0
BRF:8
BRH:6
end_of_record
TN:
SF:src/user/enum/user-type.enum.ts
FN:1,(anonymous_0)
FNF:1
FNH:1
FNDA:16,(anonymous_0)
DA:1,16
DA:2,16
DA:3,16
DA:4,16
LF:4
LH:4
BRDA:1,0,0,16
BRDA:1,0,1,16
BRF:2
BRH:2
end_of_record
TN:
SF:src/utils/base-64-converter.ts
FN:3,(anonymous_0)
FNF:1
FNH:0
FNDA:0,(anonymous_0)
DA:3,4
DA:6,0
DA:8,0
DA:9,0
DA:12,0
LF:5
LH:1
BRDA:8,0,0,0
BRDA:8,1,0,0
BRDA:8,1,1,0
BRF:3
BRH:0
end_of_record
TN:
SF:src/utils/password.ts
FN:3,(anonymous_0)
FN:11,(anonymous_1)
FNF:2
FNH:2
FNDA:4,(anonymous_0)
FNDA:5,(anonymous_1)
DA:1,6
DA:3,6
DA:6,4
DA:8,4
DA:11,6
DA:15,5
LF:6
LH:6
BRF:0
BRH:0
end_of_record
